<?xml version="1.0" encoding="utf-8" standalone="no"?>
<!--This file represents the results of running a test suite-->
<test-results name="c:/stuff/fluent-nhibernate/src/FluentNHibernate.Testing/bin/x86/debug/FluentNHibernate.Testing.dll" total="393" failures="0" not-run="0" date="2008-10-15" time="11:29:41">
  <environment nunit-version="2.4.7.0" clr-version="2.0.50727.1434" os-version="Microsoft Windows NT 6.0.6001 Service Pack 1" platform="Win32NT" cwd="c:\stuff\fluent-nhibernate" machine-name="CHADSERVER" user="cmyers" user-domain="CHADSERVER" />
  <culture-info current-culture="en-US" current-uiculture="en-US" />
  <test-suite name="c:/stuff/fluent-nhibernate/src/FluentNHibernate.Testing/bin/x86/debug/FluentNHibernate.Testing.dll" success="True" time="5.558" asserts="0">
    <results>
      <test-suite name="FluentNHibernate" success="True" time="5.509" asserts="0">
        <results>
          <test-suite name="Testing" success="True" time="5.477" asserts="0">
            <results>
              <test-suite name="AutoMap" success="True" time="2.191" asserts="0">
                <results>
                  <test-suite name="AutoMapTests" success="True" time="0.206" asserts="0">
                    <results>
                      <test-case name="FluentNHibernate.Testing.AutoMap.AutoMapTests.AutoMapDoesntIncludeCustomProperty" executed="True" success="True" time="0.146" asserts="2" />
                      <test-case name="FluentNHibernate.Testing.AutoMap.AutoMapTests.AutoMapIdentification" executed="True" success="True" time="0.040" asserts="5" />
                      <test-case name="FluentNHibernate.Testing.AutoMap.AutoMapTests.AutoMapManyToOne" executed="True" success="True" time="0.002" asserts="5" />
                      <test-case name="FluentNHibernate.Testing.AutoMap.AutoMapTests.AutoMapOneToMany" executed="True" success="True" time="0.008" asserts="3" />
                      <test-case name="FluentNHibernate.Testing.AutoMap.AutoMapTests.AutoMapProperty" executed="True" success="True" time="0.000" asserts="5" />
                      <test-case name="FluentNHibernate.Testing.AutoMap.AutoMapTests.AutoMapVersion" executed="True" success="True" time="0.000" asserts="5" />
                    </results>
                  </test-suite>
                  <test-suite name="AutoPersistenceModelTests" success="True" time="1.975" asserts="0">
                    <results>
                      <test-case name="FluentNHibernate.Testing.AutoMap.AutoPersistenceModelTests.TestAutoMapManyToOne" executed="True" success="True" time="1.765" asserts="2" />
                      <test-case name="FluentNHibernate.Testing.AutoMap.AutoPersistenceModelTests.TestAutoMapOneToMany" executed="True" success="True" time="0.018" asserts="2" />
                      <test-case name="FluentNHibernate.Testing.AutoMap.AutoPersistenceModelTests.TestAutoMapPropertyMergeOverridesId" executed="True" success="True" time="0.032" asserts="4" />
                      <test-case name="FluentNHibernate.Testing.AutoMap.AutoPersistenceModelTests.TestAutoMapPropertySetFindPrimaryKeyConvention" executed="True" success="True" time="0.020" asserts="4" />
                      <test-case name="FluentNHibernate.Testing.AutoMap.AutoPersistenceModelTests.TestAutoMapPropertySetManyToOneKeyConvention" executed="True" success="True" time="0.027" asserts="4" />
                      <test-case name="FluentNHibernate.Testing.AutoMap.AutoPersistenceModelTests.TestAutoMapPropertySetOneToManyKeyConvention" executed="True" success="True" time="0.020" asserts="4" />
                      <test-case name="FluentNHibernate.Testing.AutoMap.AutoPersistenceModelTests.TestAutoMapPropertySetPrimaryKeyConvention" executed="True" success="True" time="0.021" asserts="4" />
                      <test-case name="FluentNHibernate.Testing.AutoMap.AutoPersistenceModelTests.TestAutoMapsIds" executed="True" success="True" time="0.021" asserts="1" />
                      <test-case name="FluentNHibernate.Testing.AutoMap.AutoPersistenceModelTests.TestAutoMapsProperties" executed="True" success="True" time="0.024" asserts="2" />
                      <test-case name="FluentNHibernate.Testing.AutoMap.AutoPersistenceModelTests.TestAutoMapTimestamp" executed="True" success="True" time="0.024" asserts="4" />
                    </results>
                  </test-suite>
                </results>
              </test-suite>
              <test-suite name="Cfg" success="True" time="0.089" asserts="0">
                <results>
                  <test-suite name="MsSqlConfigurationTester" success="True" time="0.065" asserts="0">
                    <results>
                      <test-case name="FluentNHibernate.Testing.Cfg.MsSqlConfigurationTester.ConnectionString_for_trustedConnection_is_added_to_the_configuration" executed="True" success="True" time="0.060" asserts="1" />
                      <test-case name="FluentNHibernate.Testing.Cfg.MsSqlConfigurationTester.ConnectionString_is_added_to_the_configuration" executed="True" success="True" time="0.001" asserts="1" />
                      <test-case name="FluentNHibernate.Testing.Cfg.MsSqlConfigurationTester.MsSql_driver_should_default_to_the_SqlClientDriver" executed="True" success="True" time="0.001" asserts="1" />
                      <test-case name="FluentNHibernate.Testing.Cfg.MsSqlConfigurationTester.MsSql2000_should_default_to_the_Sql2000_dialect" executed="True" success="True" time="0.000" asserts="1" />
                      <test-case name="FluentNHibernate.Testing.Cfg.MsSqlConfigurationTester.MsSql2005_should_default_to_the_Sql2005_dialect" executed="True" success="True" time="0.000" asserts="1" />
                      <test-case name="FluentNHibernate.Testing.Cfg.MsSqlConfigurationTester.MsSql7_should_default_to_the_Sql7_dialect" executed="True" success="True" time="0.001" asserts="1" />
                      <test-case name="FluentNHibernate.Testing.Cfg.MsSqlConfigurationTester.MsSqlCe_should_default_to_the_Sql2005_dialect" executed="True" success="True" time="0.001" asserts="1" />
                    </results>
                  </test-suite>
                  <test-suite name="PersistenceConfigurationTester" success="True" time="0.012" asserts="0">
                    <results>
                      <test-case name="FluentNHibernate.Testing.Cfg.PersistenceConfigurationTester.Default_Schema_should_be_set_to_schema_name" executed="True" success="True" time="0.001" asserts="1" />
                      <test-case name="FluentNHibernate.Testing.Cfg.PersistenceConfigurationTester.Dialect_should_set_both_old_and_new_dialect_keys" executed="True" success="True" time="0.000" asserts="2" />
                      <test-case name="FluentNHibernate.Testing.Cfg.PersistenceConfigurationTester.DoNot_Should_only_affect_next_property" executed="True" success="True" time="0.001" asserts="2" />
                      <test-case name="FluentNHibernate.Testing.Cfg.PersistenceConfigurationTester.DoNot_ShowSql_should_set_the_property_to_const_false" executed="True" success="True" time="0.000" asserts="1" />
                      <test-case name="FluentNHibernate.Testing.Cfg.PersistenceConfigurationTester.DoNot_UseOuterJoin_should_set_the_property_to_const_false" executed="True" success="True" time="0.000" asserts="1" />
                      <test-case name="FluentNHibernate.Testing.Cfg.PersistenceConfigurationTester.DoNot_UseReflectionOptimizer_should_set_the_property_to_const_false" executed="True" success="True" time="0.000" asserts="1" />
                      <test-case name="FluentNHibernate.Testing.Cfg.PersistenceConfigurationTester.Max_Fetch_Depth_should_set_property_value" executed="True" success="True" time="0.000" asserts="1" />
                      <test-case name="FluentNHibernate.Testing.Cfg.PersistenceConfigurationTester.Provider_Class_should_set_property_value" executed="True" success="True" time="0.001" asserts="1" />
                      <test-case name="FluentNHibernate.Testing.Cfg.PersistenceConfigurationTester.Query_Cache_Factory_should_set_property_value" executed="True" success="True" time="0.000" asserts="1" />
                      <test-case name="FluentNHibernate.Testing.Cfg.PersistenceConfigurationTester.Query_Substitutions_should_set_property_value" executed="True" success="True" time="0.001" asserts="1" />
                      <test-case name="FluentNHibernate.Testing.Cfg.PersistenceConfigurationTester.Region_Prefix_should_set_property_value" executed="True" success="True" time="0.000" asserts="1" />
                      <test-case name="FluentNHibernate.Testing.Cfg.PersistenceConfigurationTester.Repeated_DoNot_Calls" executed="True" success="True" time="0.000" asserts="2" />
                      <test-case name="FluentNHibernate.Testing.Cfg.PersistenceConfigurationTester.Setting_raw_values_should_populate_dictionary" executed="True" success="True" time="0.001" asserts="1" />
                      <test-case name="FluentNHibernate.Testing.Cfg.PersistenceConfigurationTester.Show_Sql_should_set_value_to_const_true" executed="True" success="True" time="0.000" asserts="1" />
                      <test-case name="FluentNHibernate.Testing.Cfg.PersistenceConfigurationTester.Use_Minimal_Puts_should_set_value_to_const_true" executed="True" success="True" time="0.000" asserts="1" />
                      <test-case name="FluentNHibernate.Testing.Cfg.PersistenceConfigurationTester.Use_Query_Cache_should_set_value_to_const_true" executed="True" success="True" time="0.000" asserts="1" />
                      <test-case name="FluentNHibernate.Testing.Cfg.PersistenceConfigurationTester.Use_Reflection_Optimizer_should_set_value_to_const_true" executed="True" success="True" time="0.001" asserts="1" />
                      <test-case name="FluentNHibernate.Testing.Cfg.PersistenceConfigurationTester.UseOuterJoin_should_set_value_to_const_true" executed="True" success="True" time="0.000" asserts="1" />
                    </results>
                  </test-suite>
                  <test-suite name="PostgreSQLConfigurationTester" success="True" time="0.003" asserts="0">
                    <results>
                      <test-case name="FluentNHibernate.Testing.Cfg.PostgreSQLConfigurationTester.PostgreSQL_81_should_set_the_correct_dialect" executed="True" success="True" time="0.001" asserts="1" />
                      <test-case name="FluentNHibernate.Testing.Cfg.PostgreSQLConfigurationTester.PostgreSQL_82_should_set_the_correct_dialect" executed="True" success="True" time="0.001" asserts="1" />
                      <test-case name="FluentNHibernate.Testing.Cfg.PostgreSQLConfigurationTester.PostgreSQL_driver_should_default_to_the_Npgsql_driver" executed="True" success="True" time="0.000" asserts="1" />
                      <test-case name="FluentNHibernate.Testing.Cfg.PostgreSQLConfigurationTester.PostgreSQL_standard_should_set_the_correct_dialect" executed="True" success="True" time="0.000" asserts="1" />
                    </results>
                  </test-suite>
                  <test-suite name="SQLiteConfigurationTester" success="True" time="0.003" asserts="0">
                    <results>
                      <test-case name="FluentNHibernate.Testing.Cfg.SQLiteConfigurationTester.in_memory_should_set_up_expected_connection_string" executed="True" success="True" time="0.002" asserts="1" />
                      <test-case name="FluentNHibernate.Testing.Cfg.SQLiteConfigurationTester.should_set_up_default_query_substitutions" executed="True" success="True" time="0.000" asserts="1" />
                      <test-case name="FluentNHibernate.Testing.Cfg.SQLiteConfigurationTester.using_file_should_set_up_expected_connection_string" executed="True" success="True" time="0.001" asserts="1" />
                    </results>
                  </test-suite>
                </results>
              </test-suite>
              <test-suite name="Debugging" success="True" time="0.000" asserts="0">
                <results>
                  <test-case name="FluentNHibernate.Testing.Debugging.Break" executed="True" success="True" time="0.000" asserts="0" />
                </results>
              </test-suite>
              <test-suite name="DomainModel" success="True" time="3.187" asserts="0">
                <results>
                  <test-suite name="ConnectedTester" success="True" time="1.244" asserts="0">
                    <results>
                      <test-case name="FluentNHibernate.Testing.DomainModel.ConnectedTester.MappingTest1" executed="True" success="True" time="0.464" asserts="0" />
                      <test-case name="FluentNHibernate.Testing.DomainModel.ConnectedTester.Query_by_filters" executed="True" success="True" time="0.177" asserts="2" />
                      <test-case name="FluentNHibernate.Testing.DomainModel.ConnectedTester.Query_with_multiple_expressions" executed="True" success="True" time="0.024" asserts="3" />
                      <test-case name="FluentNHibernate.Testing.DomainModel.ConnectedTester.QueryBy_test" executed="True" success="True" time="0.124" asserts="1" />
                      <test-case name="FluentNHibernate.Testing.DomainModel.ConnectedTester.Save_and_find" executed="True" success="True" time="0.039" asserts="2" />
                      <test-case name="FluentNHibernate.Testing.DomainModel.ConnectedTester.Spin_up_the_Linq_stuff" executed="True" success="True" time="0.076" asserts="0" />
                      <test-case name="FluentNHibernate.Testing.DomainModel.ConnectedTester.Try_out_DomainObjectFinder" executed="True" success="True" time="0.075" asserts="1" />
                      <test-case name="FluentNHibernate.Testing.DomainModel.ConnectedTester.Try_out_DomainObjectFinder2" executed="True" success="True" time="0.072" asserts="1" />
                      <test-case name="FluentNHibernate.Testing.DomainModel.ConnectedTester.Try_out_EntityQuery" executed="True" success="True" time="0.140" asserts="3" />
                    </results>
                  </test-suite>
                  <test-suite name="EntityEquality" success="True" time="0.019" asserts="0">
                    <results>
                      <test-case name="FluentNHibernate.Testing.DomainModel.EntityEquality.Deep_subclassed_entities_should_not_equal_their_parent_classed_entities_even_if_the_Id_is_the_same" executed="True" success="True" time="0.001" asserts="1" />
                      <test-case name="FluentNHibernate.Testing.DomainModel.EntityEquality.Subclassed_entities_should_equal_each_other_with_same_Id" executed="True" success="True" time="0.000" asserts="1" />
                      <test-case name="FluentNHibernate.Testing.DomainModel.EntityEquality.Subclassed_entities_should_not_equal_entities_of_a_different_type_even_if_the_Id_is_the_same" executed="True" success="True" time="0.001" asserts="1" />
                      <test-case name="FluentNHibernate.Testing.DomainModel.EntityEquality.Two_entities_with_different_Ids_should_not_equal_each_other" executed="True" success="True" time="0.001" asserts="9" />
                      <test-case name="FluentNHibernate.Testing.DomainModel.EntityEquality.Two_entities_with_the_same_Id_should_equal_each_other" executed="True" success="True" time="0.000" asserts="9" />
                    </results>
                  </test-suite>
                  <test-suite name="Generation" success="True" time="0.009" asserts="0">
                    <results>
                      <test-suite name="CodeFileSmokeTester" success="True" time="0.008" asserts="0">
                        <results>
                          <test-case name="FluentNHibernate.Testing.DomainModel.Generation.CodeFileSmokeTester.SmokeTest_Code_File" executed="True" success="True" time="0.008" asserts="0" />
                        </results>
                      </test-suite>
                    </results>
                  </test-suite>
                  <test-suite name="InMemoryRepositoryTester" success="True" time="0.910" asserts="0">
                    <results>
                      <test-case name="FluentNHibernate.Testing.DomainModel.InMemoryRepositoryTester.Find_by_property" executed="True" success="True" time="0.007" asserts="1" />
                      <test-case name="FluentNHibernate.Testing.DomainModel.InMemoryRepositoryTester.Find_by_query" executed="True" success="True" time="0.031" asserts="3" />
                      <test-case name="FluentNHibernate.Testing.DomainModel.InMemoryRepositoryTester.Query_by_expression" executed="True" success="True" time="0.014" asserts="3" />
                      <test-case name="FluentNHibernate.Testing.DomainModel.InMemoryRepositoryTester.Store_and_find_two_different_types_of_objects" executed="True" success="True" time="0.005" asserts="3" />
                    </results>
                  </test-suite>
                  <test-suite name="Mapping" success="True" time="0.897" asserts="0">
                    <results>
                      <test-suite name="AccessStrategyBuilderTests" success="True" time="0.057" asserts="0">
                        <results>
                          <test-case name="FluentNHibernate.Testing.DomainModel.Mapping.AccessStrategyBuilderTests.AsCamelCaseField_UsesFieldAsAccessStrategy_AndCamelCaseAsNamingStrategy" executed="True" success="True" time="0.002" asserts="1" />
                          <test-case name="FluentNHibernate.Testing.DomainModel.Mapping.AccessStrategyBuilderTests.AsCamelCaseField_WithMPrefix_ThrowsInvalidPrefixException" executed="True" success="True" time="0.009" asserts="0" />
                          <test-case name="FluentNHibernate.Testing.DomainModel.Mapping.AccessStrategyBuilderTests.AsCamelCaseField_WithMUnderscorePrefix_ThrowsInvalidPrefixException" executed="True" success="True" time="0.001" asserts="0" />
                          <test-case name="FluentNHibernate.Testing.DomainModel.Mapping.AccessStrategyBuilderTests.AsCamelCaseField_WithNonePrefix_UsesFieldAsAccessStrategy_AndCamelCaseAsNamingStrategy_AndHasNoPrefix" executed="True" success="True" time="0.002" asserts="1" />
                          <test-case name="FluentNHibernate.Testing.DomainModel.Mapping.AccessStrategyBuilderTests.AsCamelCaseField_WithUnderscorePrefix_UsesFieldAsAccessStrategy_AndCamelCaseAsNamingStrategy_AndHasUnderscorePrefix" executed="True" success="True" time="0.000" asserts="1" />
                          <test-case name="FluentNHibernate.Testing.DomainModel.Mapping.AccessStrategyBuilderTests.AsField_UsesFieldAsAccessStrategy" executed="True" success="True" time="0.000" asserts="1" />
                          <test-case name="FluentNHibernate.Testing.DomainModel.Mapping.AccessStrategyBuilderTests.AsLowerCaseField_UsesFieldAsAccessStrategy_AndLowerCaseAsNamingStrategy" executed="True" success="True" time="0.000" asserts="1" />
                          <test-case name="FluentNHibernate.Testing.DomainModel.Mapping.AccessStrategyBuilderTests.AsLowerCaseField_WithMPrefix_ThrowsInvalidPrefixException" executed="True" success="True" time="0.000" asserts="0" />
                          <test-case name="FluentNHibernate.Testing.DomainModel.Mapping.AccessStrategyBuilderTests.AsLowerCaseField_WithMUnderscorePrefix_ThrowsInvalidPrefixException" executed="True" success="True" time="0.001" asserts="0" />
                          <test-case name="FluentNHibernate.Testing.DomainModel.Mapping.AccessStrategyBuilderTests.AsLowerCaseField_WithNonePrefix_UsesFieldAsAccessStrategy_AndLowerCaseAsNamingStrategy_AndHasNoPrefix" executed="True" success="True" time="0.000" asserts="1" />
                          <test-case name="FluentNHibernate.Testing.DomainModel.Mapping.AccessStrategyBuilderTests.AsLowerCaseField_WithUnderscorePrefix_UsesFieldAsAccessStrategy_AndLowerCaseAsNamingStrategy_AndHasUnderscorePrefix" executed="True" success="True" time="0.000" asserts="1" />
                          <test-case name="FluentNHibernate.Testing.DomainModel.Mapping.AccessStrategyBuilderTests.AsPascalCaseField_WithMPrefix_UsesFieldAsAccessStrategy_AndPascalCaseAsNamingStrategy_AndHasMPrefix" executed="True" success="True" time="0.000" asserts="1" />
                          <test-case name="FluentNHibernate.Testing.DomainModel.Mapping.AccessStrategyBuilderTests.AsPascalCaseField_WithMUnderscorePrefix_UsesFieldAsAccessStrategy_AndPascalCaseAsNamingStrategy_AndHasMUnderscorePrefix" executed="True" success="True" time="0.000" asserts="1" />
                          <test-case name="FluentNHibernate.Testing.DomainModel.Mapping.AccessStrategyBuilderTests.AsPascalCaseField_WithNonePrefix_ThrowsInvalidPrefixException" executed="True" success="True" time="0.000" asserts="0" />
                          <test-case name="FluentNHibernate.Testing.DomainModel.Mapping.AccessStrategyBuilderTests.AsPascalCaseField_WithUnderscorePrefix_UsesFieldAsAccessStrategy_AndPascalCaseAsNamingStrategy_AndHasUnderscorePrefix" executed="True" success="True" time="0.001" asserts="1" />
                          <test-case name="FluentNHibernate.Testing.DomainModel.Mapping.AccessStrategyBuilderTests.AsProperty_UsesPropertyAsAccessStrategy" executed="True" success="True" time="0.000" asserts="1" />
                          <test-case name="FluentNHibernate.Testing.DomainModel.Mapping.AccessStrategyBuilderTests.AsReadOnlyPropertyThroughCamelCaseField_UsesNoSetterAsAccessStrategy_AndCamelCaseAsNamingStrategy" executed="True" success="True" time="0.000" asserts="1" />
                          <test-case name="FluentNHibernate.Testing.DomainModel.Mapping.AccessStrategyBuilderTests.AsReadOnlyPropertyThroughCamelCaseField_WithMPrefix_ThrowsInvalidPrefixException" executed="True" success="True" time="0.001" asserts="0" />
                          <test-case name="FluentNHibernate.Testing.DomainModel.Mapping.AccessStrategyBuilderTests.AsReadOnlyPropertyThroughCamelCaseField_WithMUnderscorePrefix_ThrowsInvalidPrefixException" executed="True" success="True" time="0.000" asserts="0" />
                          <test-case name="FluentNHibernate.Testing.DomainModel.Mapping.AccessStrategyBuilderTests.AsReadOnlyPropertyThroughCamelCaseField_WithNonePrefix_UsesNoSetterAsAccessStrategy_AndCamelCaseAsNamingStrategy_AndHasNoPrefix" executed="True" success="True" time="0.000" asserts="1" />
                          <test-case name="FluentNHibernate.Testing.DomainModel.Mapping.AccessStrategyBuilderTests.AsReadOnlyPropertyThroughCamelCaseField_WithUnderscorePrefix_UsesNoSetterAsAccessStrategy_AndCamelCaseAsNamingStrategy_AndHasUnderscorePrefix" executed="True" success="True" time="0.001" asserts="1" />
                          <test-case name="FluentNHibernate.Testing.DomainModel.Mapping.AccessStrategyBuilderTests.AsReadOnlyPropertyThroughLowerCaseField_UsesNoSetterAsAccessStrategy_AndLowerCaseAsNamingStrategy" executed="True" success="True" time="0.000" asserts="1" />
                          <test-case name="FluentNHibernate.Testing.DomainModel.Mapping.AccessStrategyBuilderTests.AsReadOnlyPropertyThroughLowerCaseField_WithMPrefix_ThrowsInvalidPrefixException" executed="True" success="True" time="0.000" asserts="0" />
                          <test-case name="FluentNHibernate.Testing.DomainModel.Mapping.AccessStrategyBuilderTests.AsReadOnlyPropertyThroughLowerCaseField_WithMUnderscorePrefix_ThrowsInvalidPrefixException" executed="True" success="True" time="0.001" asserts="0" />
                          <test-case name="FluentNHibernate.Testing.DomainModel.Mapping.AccessStrategyBuilderTests.AsReadOnlyPropertyThroughLowerCaseField_WithNonePrefix_UsesNoSetterAsAccessStrategy_AndLowerCaseAsNamingStrategy_AndHasNoPrefix" executed="True" success="True" time="0.000" asserts="1" />
                          <test-case name="FluentNHibernate.Testing.DomainModel.Mapping.AccessStrategyBuilderTests.AsReadOnlyPropertyThroughLowerCaseField_WithUnderscorePrefix_UsesNoSetterAsAccessStrategy_AndLowerCaseAsNamingStrategy_AndHasUnderscorePrefix" executed="True" success="True" time="0.001" asserts="1" />
                          <test-case name="FluentNHibernate.Testing.DomainModel.Mapping.AccessStrategyBuilderTests.AsReadOnlyPropertyThroughPascalCaseField_WithMPrefix_UsesNoSetterAsAccessStrategy_AndPascalCaseAsNamingStrategy_AndHasMPrefix" executed="True" success="True" time="0.000" asserts="1" />
                          <test-case name="FluentNHibernate.Testing.DomainModel.Mapping.AccessStrategyBuilderTests.AsReadOnlyPropertyThroughPascalCaseField_WithMUnderscorePrefix_UsesNoSetterAsAccessStrategy_AndPascalCaseAsNamingStrategy_AndHasMUnderscorePrefix" executed="True" success="True" time="0.000" asserts="1" />
                          <test-case name="FluentNHibernate.Testing.DomainModel.Mapping.AccessStrategyBuilderTests.AsReadOnlyPropertyThroughPascalCaseField_WithNonePrefix_ThrowsInvalidPrefixException" executed="True" success="True" time="0.000" asserts="0" />
                          <test-case name="FluentNHibernate.Testing.DomainModel.Mapping.AccessStrategyBuilderTests.AsReadOnlyPropertyThroughPascalCaseField_WithUnderscorePrefix_UsesNoSetterAsAccessStrategy_AndPascalCaseAsNamingStrategy_AndHasUnderscorePrefix" executed="True" success="True" time="0.000" asserts="1" />
                          <test-case name="FluentNHibernate.Testing.DomainModel.Mapping.AccessStrategyBuilderTests.Using_WithString_SetsAccessToStringValue" executed="True" success="True" time="0.001" asserts="1" />
                          <test-case name="FluentNHibernate.Testing.DomainModel.Mapping.AccessStrategyBuilderTests.Using_WithType_SetsAccessToAssemblyQualifiedNameOfType" executed="True" success="True" time="0.000" asserts="1" />
                          <test-case name="FluentNHibernate.Testing.DomainModel.Mapping.AccessStrategyBuilderTests.UsingGeneric_WithType_SetsAccessToAssemblyQualifiedNameOfType" executed="True" success="True" time="0.001" asserts="1" />
                        </results>
                      </test-suite>
                      <test-suite name="AccessStrategyComponentPartTester" success="True" time="0.043" asserts="0">
                        <results>
                          <test-case name="FluentNHibernate.Testing.DomainModel.Mapping.AccessStrategyComponentPartTester.AccessAsCamelCaseField_SetsAccessStrategyToField_and_SetsNamingStrategyToCamelCase" executed="True" success="True" time="0.006" asserts="2" />
                          <test-case name="FluentNHibernate.Testing.DomainModel.Mapping.AccessStrategyComponentPartTester.AccessAsCamelCaseFieldWithUnderscorePrefix_SetsAccessStrategyToField_and_SetsNamingStrategyToCamelCaseUnderscore" executed="True" success="True" time="0.001" asserts="2" />
                          <test-case name="FluentNHibernate.Testing.DomainModel.Mapping.AccessStrategyComponentPartTester.AccessAsField_SetsAccessStrategyToField" executed="True" success="True" time="0.002" asserts="2" />
                          <test-case name="FluentNHibernate.Testing.DomainModel.Mapping.AccessStrategyComponentPartTester.AccessAsLowerCaseField_SetsAccessStrategyToField_and_SetsNamingStrategyToLowerCase" executed="True" success="True" time="0.001" asserts="2" />
                          <test-case name="FluentNHibernate.Testing.DomainModel.Mapping.AccessStrategyComponentPartTester.AccessAsLowerCaseFieldWithUnderscorePrefix_SetsAccessStrategyToField_and_SetsNamingStrategyToLowerCaseUnderscore" executed="True" success="True" time="0.003" asserts="2" />
                          <test-case name="FluentNHibernate.Testing.DomainModel.Mapping.AccessStrategyComponentPartTester.AccessAsPascalCaseFieldWithMPrefix_SetsAccessStrategyToField_and_SetsNamingStrategyToLowerCaseM" executed="True" success="True" time="0.001" asserts="2" />
                          <test-case name="FluentNHibernate.Testing.DomainModel.Mapping.AccessStrategyComponentPartTester.AccessAsPascalCaseFieldWithMUnderscorePrefix_SetsAccessStrategyToField_and_SetsNamingStrategyToLowerCaseMUnderscore" executed="True" success="True" time="0.002" asserts="2" />
                          <test-case name="FluentNHibernate.Testing.DomainModel.Mapping.AccessStrategyComponentPartTester.AccessAsPascalCaseFieldWithUnderscorePrefix_SetsAccessStrategyToField_and_SetsNamingStrategyToPascalCaseUnderscore" executed="True" success="True" time="0.001" asserts="2" />
                          <test-case name="FluentNHibernate.Testing.DomainModel.Mapping.AccessStrategyComponentPartTester.AccessAsProperty_SetsAccessStrategyToProperty" executed="True" success="True" time="0.002" asserts="2" />
                          <test-case name="FluentNHibernate.Testing.DomainModel.Mapping.AccessStrategyComponentPartTester.AccessAsReadOnlyPropertyThroughCamelCaseField_SetsAccessStrategyToNoSetter_and_SetsNamingStrategyToCamelCase" executed="True" success="True" time="0.001" asserts="2" />
                          <test-case name="FluentNHibernate.Testing.DomainModel.Mapping.AccessStrategyComponentPartTester.AccessAsReadOnlyPropertyThroughCamelCaseFieldWithUnderscorePrefix_SetsAccessStrategyToNoSetter_and_SetsNamingStrategyToCamelCaseUnderscore" executed="True" success="True" time="0.001" asserts="2" />
                          <test-case name="FluentNHibernate.Testing.DomainModel.Mapping.AccessStrategyComponentPartTester.AccessAsReadOnlyPropertyThroughLowerCaseField_SetsAccessStrategyToNoSetter_and_SetsNamingStrategyToLowerCase" executed="True" success="True" time="0.002" asserts="2" />
                          <test-case name="FluentNHibernate.Testing.DomainModel.Mapping.AccessStrategyComponentPartTester.AccessAsReadOnlyPropertyThroughLowerCaseFieldWithUnderscorePrefix_SetsAccessStrategyToNoSetter_and_SetsNamingStrategyToLowerCaseUnderscore" executed="True" success="True" time="0.002" asserts="2" />
                          <test-case name="FluentNHibernate.Testing.DomainModel.Mapping.AccessStrategyComponentPartTester.AccessAsReadOnlyPropertyThroughPascalCaseFieldWithMPrefix_SetsAccessStrategyToNoSetter_and_SetsNamingStrategyToPascalCaseM" executed="True" success="True" time="0.002" asserts="2" />
                          <test-case name="FluentNHibernate.Testing.DomainModel.Mapping.AccessStrategyComponentPartTester.AccessAsReadOnlyPropertyThroughPascalCaseFieldWithMUnderscorePrefix_SetsAccessStrategyToNoSetter_and_SetsNamingStrategyToPascalCaseMUnderscore" executed="True" success="True" time="0.001" asserts="2" />
                          <test-case name="FluentNHibernate.Testing.DomainModel.Mapping.AccessStrategyComponentPartTester.AccessAsReadOnlyPropertyThroughPascalCaseFieldWithUnderscorePrefix_SetsAccessStrategyToNoSetter_and_SetsNamingStrategyToPascalCaseUnderscore" executed="True" success="True" time="0.001" asserts="2" />
                          <test-case name="FluentNHibernate.Testing.DomainModel.Mapping.AccessStrategyComponentPartTester.AccessUsingClassGenericParameter_SetsAccessAttributeToAssemblyQualifiedName" executed="True" success="True" time="0.002" asserts="2" />
                          <test-case name="FluentNHibernate.Testing.DomainModel.Mapping.AccessStrategyComponentPartTester.AccessUsingClassName_SetsAccessAttributeToClassName" executed="True" success="True" time="0.001" asserts="2" />
                          <test-case name="FluentNHibernate.Testing.DomainModel.Mapping.AccessStrategyComponentPartTester.AccessUsingClassType_SetsAccessAttributeToAssemblyQualifiedName" executed="True" success="True" time="0.001" asserts="2" />
                        </results>
                      </test-suite>
                      <test-suite name="AccessStrategyIdentityPartTester" success="True" time="0.032" asserts="0">
                        <results>
                          <test-case name="FluentNHibernate.Testing.DomainModel.Mapping.AccessStrategyIdentityPartTester.AccessAsCamelCaseField_SetsAccessStrategyToField_and_SetsNamingStrategyToCamelCase" executed="True" success="True" time="0.001" asserts="2" />
                          <test-case name="FluentNHibernate.Testing.DomainModel.Mapping.AccessStrategyIdentityPartTester.AccessAsCamelCaseFieldWithUnderscorePrefix_SetsAccessStrategyToField_and_SetsNamingStrategyToCamelCaseUnderscore" executed="True" success="True" time="0.001" asserts="2" />
                          <test-case name="FluentNHibernate.Testing.DomainModel.Mapping.AccessStrategyIdentityPartTester.AccessAsField_SetsAccessStrategyToField" executed="True" success="True" time="0.001" asserts="2" />
                          <test-case name="FluentNHibernate.Testing.DomainModel.Mapping.AccessStrategyIdentityPartTester.AccessAsLowerCaseField_SetsAccessStrategyToField_and_SetsNamingStrategyToLowerCase" executed="True" success="True" time="0.000" asserts="2" />
                          <test-case name="FluentNHibernate.Testing.DomainModel.Mapping.AccessStrategyIdentityPartTester.AccessAsLowerCaseFieldWithUnderscorePrefix_SetsAccessStrategyToField_and_SetsNamingStrategyToLowerCaseUnderscore" executed="True" success="True" time="0.002" asserts="2" />
                          <test-case name="FluentNHibernate.Testing.DomainModel.Mapping.AccessStrategyIdentityPartTester.AccessAsPascalCaseFieldWithMPrefix_SetsAccessStrategyToField_and_SetsNamingStrategyToLowerCaseM" executed="True" success="True" time="0.001" asserts="2" />
                          <test-case name="FluentNHibernate.Testing.DomainModel.Mapping.AccessStrategyIdentityPartTester.AccessAsPascalCaseFieldWithMUnderscorePrefix_SetsAccessStrategyToField_and_SetsNamingStrategyToLowerCaseMUnderscore" executed="True" success="True" time="0.001" asserts="2" />
                          <test-case name="FluentNHibernate.Testing.DomainModel.Mapping.AccessStrategyIdentityPartTester.AccessAsPascalCaseFieldWithUnderscorePrefix_SetsAccessStrategyToField_and_SetsNamingStrategyToPascalCaseUnderscore" executed="True" success="True" time="0.001" asserts="2" />
                          <test-case name="FluentNHibernate.Testing.DomainModel.Mapping.AccessStrategyIdentityPartTester.AccessAsProperty_SetsAccessStrategyToProperty" executed="True" success="True" time="0.001" asserts="2" />
                          <test-case name="FluentNHibernate.Testing.DomainModel.Mapping.AccessStrategyIdentityPartTester.AccessAsReadOnlyPropertyThroughCamelCaseField_SetsAccessStrategyToNoSetter_and_SetsNamingStrategyToCamelCase" executed="True" success="True" time="0.001" asserts="2" />
                          <test-case name="FluentNHibernate.Testing.DomainModel.Mapping.AccessStrategyIdentityPartTester.AccessAsReadOnlyPropertyThroughCamelCaseFieldWithUnderscorePrefix_SetsAccessStrategyToNoSetter_and_SetsNamingStrategyToCamelCaseUnderscore" executed="True" success="True" time="0.000" asserts="2" />
                          <test-case name="FluentNHibernate.Testing.DomainModel.Mapping.AccessStrategyIdentityPartTester.AccessAsReadOnlyPropertyThroughLowerCaseField_SetsAccessStrategyToNoSetter_and_SetsNamingStrategyToLowerCase" executed="True" success="True" time="0.001" asserts="2" />
                          <test-case name="FluentNHibernate.Testing.DomainModel.Mapping.AccessStrategyIdentityPartTester.AccessAsReadOnlyPropertyThroughLowerCaseFieldWithUnderscorePrefix_SetsAccessStrategyToNoSetter_and_SetsNamingStrategyToLowerCaseUnderscore" executed="True" success="True" time="0.001" asserts="2" />
                          <test-case name="FluentNHibernate.Testing.DomainModel.Mapping.AccessStrategyIdentityPartTester.AccessAsReadOnlyPropertyThroughPascalCaseFieldWithMPrefix_SetsAccessStrategyToNoSetter_and_SetsNamingStrategyToPascalCaseM" executed="True" success="True" time="0.001" asserts="2" />
                          <test-case name="FluentNHibernate.Testing.DomainModel.Mapping.AccessStrategyIdentityPartTester.AccessAsReadOnlyPropertyThroughPascalCaseFieldWithMUnderscorePrefix_SetsAccessStrategyToNoSetter_and_SetsNamingStrategyToPascalCaseMUnderscore" executed="True" success="True" time="0.001" asserts="2" />
                          <test-case name="FluentNHibernate.Testing.DomainModel.Mapping.AccessStrategyIdentityPartTester.AccessAsReadOnlyPropertyThroughPascalCaseFieldWithUnderscorePrefix_SetsAccessStrategyToNoSetter_and_SetsNamingStrategyToPascalCaseUnderscore" executed="True" success="True" time="0.001" asserts="2" />
                          <test-case name="FluentNHibernate.Testing.DomainModel.Mapping.AccessStrategyIdentityPartTester.AccessUsingClassGenericParameter_SetsAccessAttributeToAssemblyQualifiedName" executed="True" success="True" time="0.001" asserts="2" />
                          <test-case name="FluentNHibernate.Testing.DomainModel.Mapping.AccessStrategyIdentityPartTester.AccessUsingClassName_SetsAccessAttributeToClassName" executed="True" success="True" time="0.001" asserts="2" />
                          <test-case name="FluentNHibernate.Testing.DomainModel.Mapping.AccessStrategyIdentityPartTester.AccessUsingClassType_SetsAccessAttributeToAssemblyQualifiedName" executed="True" success="True" time="0.000" asserts="2" />
                        </results>
                      </test-suite>
                      <test-suite name="AccessStrategyManyToOnePartTester" success="True" time="0.030" asserts="0">
                        <results>
                          <test-case name="FluentNHibernate.Testing.DomainModel.Mapping.AccessStrategyManyToOnePartTester.AccessAsCamelCaseField_SetsAccessStrategyToField_and_SetsNamingStrategyToCamelCase" executed="True" success="True" time="0.002" asserts="2" />
                          <test-case name="FluentNHibernate.Testing.DomainModel.Mapping.AccessStrategyManyToOnePartTester.AccessAsCamelCaseFieldWithUnderscorePrefix_SetsAccessStrategyToField_and_SetsNamingStrategyToCamelCaseUnderscore" executed="True" success="True" time="0.001" asserts="2" />
                          <test-case name="FluentNHibernate.Testing.DomainModel.Mapping.AccessStrategyManyToOnePartTester.AccessAsField_SetsAccessStrategyToField" executed="True" success="True" time="0.002" asserts="2" />
                          <test-case name="FluentNHibernate.Testing.DomainModel.Mapping.AccessStrategyManyToOnePartTester.AccessAsLowerCaseField_SetsAccessStrategyToField_and_SetsNamingStrategyToLowerCase" executed="True" success="True" time="0.001" asserts="2" />
                          <test-case name="FluentNHibernate.Testing.DomainModel.Mapping.AccessStrategyManyToOnePartTester.AccessAsLowerCaseFieldWithUnderscorePrefix_SetsAccessStrategyToField_and_SetsNamingStrategyToLowerCaseUnderscore" executed="True" success="True" time="0.001" asserts="2" />
                          <test-case name="FluentNHibernate.Testing.DomainModel.Mapping.AccessStrategyManyToOnePartTester.AccessAsPascalCaseFieldWithMPrefix_SetsAccessStrategyToField_and_SetsNamingStrategyToLowerCaseM" executed="True" success="True" time="0.001" asserts="2" />
                          <test-case name="FluentNHibernate.Testing.DomainModel.Mapping.AccessStrategyManyToOnePartTester.AccessAsPascalCaseFieldWithMUnderscorePrefix_SetsAccessStrategyToField_and_SetsNamingStrategyToLowerCaseMUnderscore" executed="True" success="True" time="0.001" asserts="2" />
                          <test-case name="FluentNHibernate.Testing.DomainModel.Mapping.AccessStrategyManyToOnePartTester.AccessAsPascalCaseFieldWithUnderscorePrefix_SetsAccessStrategyToField_and_SetsNamingStrategyToPascalCaseUnderscore" executed="True" success="True" time="0.004" asserts="2" />
                          <test-case name="FluentNHibernate.Testing.DomainModel.Mapping.AccessStrategyManyToOnePartTester.AccessAsProperty_SetsAccessStrategyToProperty" executed="True" success="True" time="0.001" asserts="2" />
                          <test-case name="FluentNHibernate.Testing.DomainModel.Mapping.AccessStrategyManyToOnePartTester.AccessAsReadOnlyPropertyThroughCamelCaseField_SetsAccessStrategyToNoSetter_and_SetsNamingStrategyToCamelCase" executed="True" success="True" time="0.001" asserts="2" />
                          <test-case name="FluentNHibernate.Testing.DomainModel.Mapping.AccessStrategyManyToOnePartTester.AccessAsReadOnlyPropertyThroughCamelCaseFieldWithUnderscorePrefix_SetsAccessStrategyToNoSetter_and_SetsNamingStrategyToCamelCaseUnderscore" executed="True" success="True" time="0.000" asserts="2" />
                          <test-case name="FluentNHibernate.Testing.DomainModel.Mapping.AccessStrategyManyToOnePartTester.AccessAsReadOnlyPropertyThroughLowerCaseField_SetsAccessStrategyToNoSetter_and_SetsNamingStrategyToLowerCase" executed="True" success="True" time="0.001" asserts="2" />
                          <test-case name="FluentNHibernate.Testing.DomainModel.Mapping.AccessStrategyManyToOnePartTester.AccessAsReadOnlyPropertyThroughLowerCaseFieldWithUnderscorePrefix_SetsAccessStrategyToNoSetter_and_SetsNamingStrategyToLowerCaseUnderscore" executed="True" success="True" time="0.001" asserts="2" />
                          <test-case name="FluentNHibernate.Testing.DomainModel.Mapping.AccessStrategyManyToOnePartTester.AccessAsReadOnlyPropertyThroughPascalCaseFieldWithMPrefix_SetsAccessStrategyToNoSetter_and_SetsNamingStrategyToPascalCaseM" executed="True" success="True" time="0.000" asserts="2" />
                          <test-case name="FluentNHibernate.Testing.DomainModel.Mapping.AccessStrategyManyToOnePartTester.AccessAsReadOnlyPropertyThroughPascalCaseFieldWithMUnderscorePrefix_SetsAccessStrategyToNoSetter_and_SetsNamingStrategyToPascalCaseMUnderscore" executed="True" success="True" time="0.001" asserts="2" />
                          <test-case name="FluentNHibernate.Testing.DomainModel.Mapping.AccessStrategyManyToOnePartTester.AccessAsReadOnlyPropertyThroughPascalCaseFieldWithUnderscorePrefix_SetsAccessStrategyToNoSetter_and_SetsNamingStrategyToPascalCaseUnderscore" executed="True" success="True" time="0.001" asserts="2" />
                          <test-case name="FluentNHibernate.Testing.DomainModel.Mapping.AccessStrategyManyToOnePartTester.AccessUsingClassGenericParameter_SetsAccessAttributeToAssemblyQualifiedName" executed="True" success="True" time="0.001" asserts="2" />
                          <test-case name="FluentNHibernate.Testing.DomainModel.Mapping.AccessStrategyManyToOnePartTester.AccessUsingClassName_SetsAccessAttributeToClassName" executed="True" success="True" time="0.001" asserts="2" />
                          <test-case name="FluentNHibernate.Testing.DomainModel.Mapping.AccessStrategyManyToOnePartTester.AccessUsingClassType_SetsAccessAttributeToAssemblyQualifiedName" executed="True" success="True" time="0.001" asserts="2" />
                        </results>
                      </test-suite>
                      <test-suite name="AccessStrategyOneToManyPartTester" success="True" time="0.031" asserts="0">
                        <results>
                          <test-case name="FluentNHibernate.Testing.DomainModel.Mapping.AccessStrategyOneToManyPartTester.AccessAsCamelCaseField_SetsAccessStrategyToField_and_SetsNamingStrategyToCamelCase" executed="True" success="True" time="0.001" asserts="2" />
                          <test-case name="FluentNHibernate.Testing.DomainModel.Mapping.AccessStrategyOneToManyPartTester.AccessAsCamelCaseFieldWithUnderscorePrefix_SetsAccessStrategyToField_and_SetsNamingStrategyToCamelCaseUnderscore" executed="True" success="True" time="0.000" asserts="2" />
                          <test-case name="FluentNHibernate.Testing.DomainModel.Mapping.AccessStrategyOneToManyPartTester.AccessAsField_SetsAccessStrategyToField" executed="True" success="True" time="0.001" asserts="2" />
                          <test-case name="FluentNHibernate.Testing.DomainModel.Mapping.AccessStrategyOneToManyPartTester.AccessAsLowerCaseField_SetsAccessStrategyToField_and_SetsNamingStrategyToLowerCase" executed="True" success="True" time="0.001" asserts="2" />
                          <test-case name="FluentNHibernate.Testing.DomainModel.Mapping.AccessStrategyOneToManyPartTester.AccessAsLowerCaseFieldWithUnderscorePrefix_SetsAccessStrategyToField_and_SetsNamingStrategyToLowerCaseUnderscore" executed="True" success="True" time="0.004" asserts="2" />
                          <test-case name="FluentNHibernate.Testing.DomainModel.Mapping.AccessStrategyOneToManyPartTester.AccessAsPascalCaseFieldWithMPrefix_SetsAccessStrategyToField_and_SetsNamingStrategyToLowerCaseM" executed="True" success="True" time="0.001" asserts="2" />
                          <test-case name="FluentNHibernate.Testing.DomainModel.Mapping.AccessStrategyOneToManyPartTester.AccessAsPascalCaseFieldWithMUnderscorePrefix_SetsAccessStrategyToField_and_SetsNamingStrategyToLowerCaseMUnderscore" executed="True" success="True" time="0.001" asserts="2" />
                          <test-case name="FluentNHibernate.Testing.DomainModel.Mapping.AccessStrategyOneToManyPartTester.AccessAsPascalCaseFieldWithUnderscorePrefix_SetsAccessStrategyToField_and_SetsNamingStrategyToPascalCaseUnderscore" executed="True" success="True" time="0.003" asserts="2" />
                          <test-case name="FluentNHibernate.Testing.DomainModel.Mapping.AccessStrategyOneToManyPartTester.AccessAsProperty_SetsAccessStrategyToProperty" executed="True" success="True" time="0.001" asserts="2" />
                          <test-case name="FluentNHibernate.Testing.DomainModel.Mapping.AccessStrategyOneToManyPartTester.AccessAsReadOnlyPropertyThroughCamelCaseField_SetsAccessStrategyToNoSetter_and_SetsNamingStrategyToCamelCase" executed="True" success="True" time="0.001" asserts="2" />
                          <test-case name="FluentNHibernate.Testing.DomainModel.Mapping.AccessStrategyOneToManyPartTester.AccessAsReadOnlyPropertyThroughCamelCaseFieldWithUnderscorePrefix_SetsAccessStrategyToNoSetter_and_SetsNamingStrategyToCamelCaseUnderscore" executed="True" success="True" time="0.000" asserts="2" />
                          <test-case name="FluentNHibernate.Testing.DomainModel.Mapping.AccessStrategyOneToManyPartTester.AccessAsReadOnlyPropertyThroughLowerCaseField_SetsAccessStrategyToNoSetter_and_SetsNamingStrategyToLowerCase" executed="True" success="True" time="0.001" asserts="2" />
                          <test-case name="FluentNHibernate.Testing.DomainModel.Mapping.AccessStrategyOneToManyPartTester.AccessAsReadOnlyPropertyThroughLowerCaseFieldWithUnderscorePrefix_SetsAccessStrategyToNoSetter_and_SetsNamingStrategyToLowerCaseUnderscore" executed="True" success="True" time="0.001" asserts="2" />
                          <test-case name="FluentNHibernate.Testing.DomainModel.Mapping.AccessStrategyOneToManyPartTester.AccessAsReadOnlyPropertyThroughPascalCaseFieldWithMPrefix_SetsAccessStrategyToNoSetter_and_SetsNamingStrategyToPascalCaseM" executed="True" success="True" time="0.001" asserts="2" />
                          <test-case name="FluentNHibernate.Testing.DomainModel.Mapping.AccessStrategyOneToManyPartTester.AccessAsReadOnlyPropertyThroughPascalCaseFieldWithMUnderscorePrefix_SetsAccessStrategyToNoSetter_and_SetsNamingStrategyToPascalCaseMUnderscore" executed="True" success="True" time="0.001" asserts="2" />
                          <test-case name="FluentNHibernate.Testing.DomainModel.Mapping.AccessStrategyOneToManyPartTester.AccessAsReadOnlyPropertyThroughPascalCaseFieldWithUnderscorePrefix_SetsAccessStrategyToNoSetter_and_SetsNamingStrategyToPascalCaseUnderscore" executed="True" success="True" time="0.001" asserts="2" />
                          <test-case name="FluentNHibernate.Testing.DomainModel.Mapping.AccessStrategyOneToManyPartTester.AccessUsingClassGenericParameter_SetsAccessAttributeToAssemblyQualifiedName" executed="True" success="True" time="0.001" asserts="2" />
                          <test-case name="FluentNHibernate.Testing.DomainModel.Mapping.AccessStrategyOneToManyPartTester.AccessUsingClassName_SetsAccessAttributeToClassName" executed="True" success="True" time="0.001" asserts="2" />
                          <test-case name="FluentNHibernate.Testing.DomainModel.Mapping.AccessStrategyOneToManyPartTester.AccessUsingClassType_SetsAccessAttributeToAssemblyQualifiedName" executed="True" success="True" time="0.002" asserts="2" />
                        </results>
                      </test-suite>
                      <test-suite name="AccessStrategyPropertyMapTester" success="True" time="0.033" asserts="0">
                        <results>
                          <test-case name="FluentNHibernate.Testing.DomainModel.Mapping.AccessStrategyPropertyMapTester.Access_AsProperty_SetsAccessStrategyToProperty" executed="True" success="True" time="0.001" asserts="2" />
                          <test-case name="FluentNHibernate.Testing.DomainModel.Mapping.AccessStrategyPropertyMapTester.AccessAsCamelCaseField_SetsAccessStrategyToField_and_SetsNamingStrategyToCamelCase" executed="True" success="True" time="0.001" asserts="2" />
                          <test-case name="FluentNHibernate.Testing.DomainModel.Mapping.AccessStrategyPropertyMapTester.AccessAsCamelCaseFieldWithUnderscorePrefix_SetsAccessStrategyToField_and_SetsNamingStrategyToCamelCaseUnderscore" executed="True" success="True" time="0.001" asserts="2" />
                          <test-case name="FluentNHibernate.Testing.DomainModel.Mapping.AccessStrategyPropertyMapTester.AccessAsField_SetsAccessStrategyToField" executed="True" success="True" time="0.002" asserts="2" />
                          <test-case name="FluentNHibernate.Testing.DomainModel.Mapping.AccessStrategyPropertyMapTester.AccessAsLowerCaseField_SetsAccessStrategyToField_and_SetsNamingStrategyToLowerCase" executed="True" success="True" time="0.000" asserts="2" />
                          <test-case name="FluentNHibernate.Testing.DomainModel.Mapping.AccessStrategyPropertyMapTester.AccessAsLowerCaseFieldWithUnderscorePrefix_SetsAccessStrategyToField_and_SetsNamingStrategyToLowerCaseUnderscore" executed="True" success="True" time="0.001" asserts="2" />
                          <test-case name="FluentNHibernate.Testing.DomainModel.Mapping.AccessStrategyPropertyMapTester.AccessAsPascalCaseFieldWithMPrefix_SetsAccessStrategyToField_and_SetsNamingStrategyToLowerCaseM" executed="True" success="True" time="0.001" asserts="2" />
                          <test-case name="FluentNHibernate.Testing.DomainModel.Mapping.AccessStrategyPropertyMapTester.AccessAsPascalCaseFieldWithMUnderscorePrefix_SetsAccessStrategyToField_and_SetsNamingStrategyToLowerCaseMUnderscore" executed="True" success="True" time="0.001" asserts="2" />
                          <test-case name="FluentNHibernate.Testing.DomainModel.Mapping.AccessStrategyPropertyMapTester.AccessAsPascalCaseFieldWithUnderscorePrefix_SetsAccessStrategyToField_and_SetsNamingStrategyToPascalCaseUnderscore" executed="True" success="True" time="0.001" asserts="2" />
                          <test-case name="FluentNHibernate.Testing.DomainModel.Mapping.AccessStrategyPropertyMapTester.AccessAsReadOnlyPropertyThroughCamelCaseField_SetsAccessStrategyToNoSetter_and_SetsNamingStrategyToCamelCase" executed="True" success="True" time="0.001" asserts="2" />
                          <test-case name="FluentNHibernate.Testing.DomainModel.Mapping.AccessStrategyPropertyMapTester.AccessAsReadOnlyPropertyThroughCamelCaseFieldWithUnderscorePrefix_SetsAccessStrategyToNoSetter_and_SetsNamingStrategyToCamelCaseUnderscore" executed="True" success="True" time="0.000" asserts="2" />
                          <test-case name="FluentNHibernate.Testing.DomainModel.Mapping.AccessStrategyPropertyMapTester.AccessAsReadOnlyPropertyThroughLowerCaseField_SetsAccessStrategyToNoSetter_and_SetsNamingStrategyToLowerCase" executed="True" success="True" time="0.000" asserts="2" />
                          <test-case name="FluentNHibernate.Testing.DomainModel.Mapping.AccessStrategyPropertyMapTester.AccessAsReadOnlyPropertyThroughLowerCaseFieldWithUnderscorePrefix_SetsAccessStrategyToNoSetter_and_SetsNamingStrategyToLowerCaseUnderscore" executed="True" success="True" time="0.001" asserts="2" />
                          <test-case name="FluentNHibernate.Testing.DomainModel.Mapping.AccessStrategyPropertyMapTester.AccessAsReadOnlyPropertyThroughPascalCaseFieldWithMPrefix_SetsAccessStrategyToNoSetter_and_SetsNamingStrategyToPascalCaseM" executed="True" success="True" time="0.001" asserts="2" />
                          <test-case name="FluentNHibernate.Testing.DomainModel.Mapping.AccessStrategyPropertyMapTester.AccessAsReadOnlyPropertyThroughPascalCaseFieldWithMUnderscorePrefix_SetsAccessStrategyToNoSetter_and_SetsNamingStrategyToPascalCaseMUnderscore" executed="True" success="True" time="0.002" asserts="2" />
                          <test-case name="FluentNHibernate.Testing.DomainModel.Mapping.AccessStrategyPropertyMapTester.AccessAsReadOnlyPropertyThroughPascalCaseFieldWithUnderscorePrefix_SetsAccessStrategyToNoSetter_and_SetsNamingStrategyToPascalCaseUnderscore" executed="True" success="True" time="0.001" asserts="2" />
                          <test-case name="FluentNHibernate.Testing.DomainModel.Mapping.AccessStrategyPropertyMapTester.AccessUsingClassGenericParameter_SetsAccessAttributeToAssemblyQualifiedName" executed="True" success="True" time="0.001" asserts="2" />
                          <test-case name="FluentNHibernate.Testing.DomainModel.Mapping.AccessStrategyPropertyMapTester.AccessUsingClassName_SetsAccessAttributeToClassName" executed="True" success="True" time="0.001" asserts="2" />
                          <test-case name="FluentNHibernate.Testing.DomainModel.Mapping.AccessStrategyPropertyMapTester.AccessUsingClassType_SetsAccessAttributeToAssemblyQualifiedName" executed="True" success="True" time="0.001" asserts="2" />
                        </results>
                      </test-suite>
                      <test-suite name="CascadeExpressionTester" success="True" time="0.141" asserts="0">
                        <results>
                          <test-case name="FluentNHibernate.Testing.DomainModel.Mapping.CascadeExpressionTester.All_should_add_the_correct_cascade_attribute_to_the_parent_part" executed="True" success="True" time="0.137" asserts="0" />
                          <test-case name="FluentNHibernate.Testing.DomainModel.Mapping.CascadeExpressionTester.Delete_should_add_the_correct_cascade_attribute_to_the_parent_part" executed="True" success="True" time="0.002" asserts="0" />
                          <test-case name="FluentNHibernate.Testing.DomainModel.Mapping.CascadeExpressionTester.None_should_add_the_correct_cascade_attribute_to_the_parent_part" executed="True" success="True" time="0.000" asserts="0" />
                          <test-case name="FluentNHibernate.Testing.DomainModel.Mapping.CascadeExpressionTester.SaveUpdate_should_add_the_correct_cascade_attribute_to_the_parent_part" executed="True" success="True" time="0.000" asserts="0" />
                        </results>
                      </test-suite>
                      <test-suite name="ClassMapXmlCreationTester" success="True" time="0.077" asserts="0">
                        <results>
                          <test-case name="FluentNHibernate.Testing.DomainModel.Mapping.ClassMapXmlCreationTester.AdvancedOneToManyMapping" executed="True" success="True" time="0.011" asserts="4" />
                          <test-case name="FluentNHibernate.Testing.DomainModel.Mapping.ClassMapXmlCreationTester.BasicManyToManyMapping" executed="True" success="True" time="0.006" asserts="10" />
                          <test-case name="FluentNHibernate.Testing.DomainModel.Mapping.ClassMapXmlCreationTester.BasicOneToManyMapping" executed="True" success="True" time="0.000" asserts="6" />
                          <test-case name="FluentNHibernate.Testing.DomainModel.Mapping.ClassMapXmlCreationTester.BuildTheHeaderXmlWithAssemblyAndNamespace" executed="True" success="True" time="0.000" asserts="2" />
                          <test-case name="FluentNHibernate.Testing.DomainModel.Mapping.ClassMapXmlCreationTester.CanSetAsUnique" executed="True" success="True" time="0.001" asserts="2" />
                          <test-case name="FluentNHibernate.Testing.DomainModel.Mapping.ClassMapXmlCreationTester.CanSetSchema" executed="True" success="True" time="0.001" asserts="2" />
                          <test-case name="FluentNHibernate.Testing.DomainModel.Mapping.ClassMapXmlCreationTester.CanSetTableName" executed="True" success="True" time="0.001" asserts="2" />
                          <test-case name="FluentNHibernate.Testing.DomainModel.Mapping.ClassMapXmlCreationTester.CascadeAll_with_many_to_many" executed="True" success="True" time="0.002" asserts="2" />
                          <test-case name="FluentNHibernate.Testing.DomainModel.Mapping.ClassMapXmlCreationTester.CascadeAll_with_one_to_many" executed="True" success="True" time="0.001" asserts="2" />
                          <test-case name="FluentNHibernate.Testing.DomainModel.Mapping.ClassMapXmlCreationTester.ClassMapHasCorrectHBMFileName" executed="True" success="True" time="0.000" asserts="1" />
                          <test-case name="FluentNHibernate.Testing.DomainModel.Mapping.ClassMapXmlCreationTester.Create_a_component_mapping" executed="True" success="True" time="0.003" asserts="8" />
                          <test-case name="FluentNHibernate.Testing.DomainModel.Mapping.ClassMapXmlCreationTester.CreateDiscriminator" executed="True" success="True" time="0.002" asserts="4" />
                          <test-case name="FluentNHibernate.Testing.DomainModel.Mapping.ClassMapXmlCreationTester.CreateDiscriminatorValueAtClassLevel" executed="True" success="True" time="0.005" asserts="2" />
                          <test-case name="FluentNHibernate.Testing.DomainModel.Mapping.ClassMapXmlCreationTester.CreateTheSubClassMappings" executed="True" success="True" time="0.002" asserts="6" />
                          <test-case name="FluentNHibernate.Testing.DomainModel.Mapping.ClassMapXmlCreationTester.Creating_a_many_to_one_reference" executed="True" success="True" time="0.001" asserts="4" />
                          <test-case name="FluentNHibernate.Testing.DomainModel.Mapping.ClassMapXmlCreationTester.Creating_a_many_to_one_reference_sets_the_column_overrides" executed="True" success="True" time="0.001" asserts="2" />
                          <test-case name="FluentNHibernate.Testing.DomainModel.Mapping.ClassMapXmlCreationTester.Creating_a_many_to_one_reference_using_specified_foreign_key" executed="True" success="True" time="0.001" asserts="2" />
                          <test-case name="FluentNHibernate.Testing.DomainModel.Mapping.ClassMapXmlCreationTester.Creating_a_many_to_one_reference_with_cascade_specified_as_None" executed="True" success="True" time="0.001" asserts="2" />
                          <test-case name="FluentNHibernate.Testing.DomainModel.Mapping.ClassMapXmlCreationTester.Creating_a_many_to_one_reference_with_column_specified" executed="True" success="True" time="0.001" asserts="2" />
                          <test-case name="FluentNHibernate.Testing.DomainModel.Mapping.ClassMapXmlCreationTester.Creating_a_many_to_one_reference_with_column_specified_through_TheColumnNameIs_method" executed="True" success="True" time="0.001" asserts="2" />
                          <test-case name="FluentNHibernate.Testing.DomainModel.Mapping.ClassMapXmlCreationTester.Creating_a_many_to_one_reference_with_fetchtype_set" executed="True" success="True" time="0.002" asserts="2" />
                          <test-case name="FluentNHibernate.Testing.DomainModel.Mapping.ClassMapXmlCreationTester.Creating_a_one_to_one_reference" executed="True" success="True" time="0.002" asserts="4" />
                          <test-case name="FluentNHibernate.Testing.DomainModel.Mapping.ClassMapXmlCreationTester.Creating_a_one_to_one_reference_sets_the_column_overrides" executed="True" success="True" time="0.001" asserts="2" />
                          <test-case name="FluentNHibernate.Testing.DomainModel.Mapping.ClassMapXmlCreationTester.DetermineTheTableName" executed="True" success="True" time="0.000" asserts="2" />
                          <test-case name="FluentNHibernate.Testing.DomainModel.Mapping.ClassMapXmlCreationTester.DomainClassMapAutomaticallyCreatesTheId" executed="True" success="True" time="0.000" asserts="6" />
                          <test-case name="FluentNHibernate.Testing.DomainModel.Mapping.ClassMapXmlCreationTester.DomainClassMapWithId" executed="True" success="True" time="0.000" asserts="6" />
                          <test-case name="FluentNHibernate.Testing.DomainModel.Mapping.ClassMapXmlCreationTester.DomainClassMapWithIdNoColumn" executed="True" success="True" time="0.001" asserts="6" />
                          <test-case name="FluentNHibernate.Testing.DomainModel.Mapping.ClassMapXmlCreationTester.DomainClassMapWithIdNoColumnAndGenerator" executed="True" success="True" time="0.001" asserts="2" />
                          <test-case name="FluentNHibernate.Testing.DomainModel.Mapping.ClassMapXmlCreationTester.Many_to_one_reference_should_default_to_empty_cascade" executed="True" success="True" time="0.000" asserts="1" />
                          <test-case name="FluentNHibernate.Testing.DomainModel.Mapping.ClassMapXmlCreationTester.ManyToManyAsBag" executed="True" success="True" time="0.001" asserts="10" />
                          <test-case name="FluentNHibernate.Testing.DomainModel.Mapping.ClassMapXmlCreationTester.ManyToManyAsSet" executed="True" success="True" time="0.002" asserts="10" />
                          <test-case name="FluentNHibernate.Testing.DomainModel.Mapping.ClassMapXmlCreationTester.ManyToManyAsSetWithChildForeignKey" executed="True" success="True" time="0.002" asserts="10" />
                          <test-case name="FluentNHibernate.Testing.DomainModel.Mapping.ClassMapXmlCreationTester.ManyToManyAsSetWithJoinFetchMode" executed="True" success="True" time="0.002" asserts="12" />
                          <test-case name="FluentNHibernate.Testing.DomainModel.Mapping.ClassMapXmlCreationTester.ManyToManyAsSetWithParentForeignKey" executed="True" success="True" time="0.002" asserts="10" />
                          <test-case name="FluentNHibernate.Testing.DomainModel.Mapping.ClassMapXmlCreationTester.Map_an_enumeration" executed="True" success="True" time="0.002" asserts="8" />
                          <test-case name="FluentNHibernate.Testing.DomainModel.Mapping.ClassMapXmlCreationTester.MapASimplePropertyWithNoOverrides" executed="True" success="True" time="0.001" asserts="6" />
                          <test-case name="FluentNHibernate.Testing.DomainModel.Mapping.ClassMapXmlCreationTester.One_to_one_reference_should_default_to_empty_cascade" executed="True" success="True" time="0.001" asserts="1" />
                          <test-case name="FluentNHibernate.Testing.DomainModel.Mapping.ClassMapXmlCreationTester.SpanningClassAcrossTwoTables" executed="True" success="True" time="0.003" asserts="1" />
                          <test-case name="FluentNHibernate.Testing.DomainModel.Mapping.ClassMapXmlCreationTester.WriteTheClassNode" executed="True" success="True" time="0.000" asserts="5" />
                        </results>
                      </test-suite>
                      <test-suite name="CollectionCascadeExpressionTester" success="True" time="0.005" asserts="0">
                        <results>
                          <test-case name="FluentNHibernate.Testing.DomainModel.Mapping.CollectionCascadeExpressionTester.All_should_add_the_correct_cascade_attribute_to_the_parent_part" executed="True" success="True" time="0.001" asserts="0" />
                          <test-case name="FluentNHibernate.Testing.DomainModel.Mapping.CollectionCascadeExpressionTester.AllDeleteOrphan_should_correct_add_the_cascade_attribute_to_the_parent_part" executed="True" success="True" time="0.001" asserts="0" />
                          <test-case name="FluentNHibernate.Testing.DomainModel.Mapping.CollectionCascadeExpressionTester.Delete_should_add_the_correct_cascade_attribute_to_the_parent_part" executed="True" success="True" time="0.000" asserts="0" />
                          <test-case name="FluentNHibernate.Testing.DomainModel.Mapping.CollectionCascadeExpressionTester.None_should_add_the_correct_cascade_attribute_to_the_parent_part" executed="True" success="True" time="0.001" asserts="0" />
                          <test-case name="FluentNHibernate.Testing.DomainModel.Mapping.CollectionCascadeExpressionTester.SaveUpdate_should_add_the_correct_cascade_attribute_to_the_parent_part" executed="True" success="True" time="0.001" asserts="0" />
                        </results>
                      </test-suite>
                      <test-suite name="CompositeIdentityPartTester" success="True" time="0.019" asserts="0">
                        <results>
                          <test-case name="FluentNHibernate.Testing.DomainModel.Mapping.CompositeIdentityPartTester.Defaults" executed="True" success="True" time="0.005" asserts="2" />
                          <test-case name="FluentNHibernate.Testing.DomainModel.Mapping.CompositeIdentityPartTester.IdIsAlwaysFirstElementInClass" executed="True" success="True" time="0.007" asserts="1" />
                          <test-case name="FluentNHibernate.Testing.DomainModel.Mapping.CompositeIdentityPartTester.Key_many_to_one_Defaults" executed="True" success="True" time="0.001" asserts="4" />
                          <test-case name="FluentNHibernate.Testing.DomainModel.Mapping.CompositeIdentityPartTester.Key_many_to_one_Explicit_column_name" executed="True" success="True" time="0.001" asserts="2" />
                          <test-case name="FluentNHibernate.Testing.DomainModel.Mapping.CompositeIdentityPartTester.Key_property_Explicit_column_name" executed="True" success="True" time="0.001" asserts="2" />
                          <test-case name="FluentNHibernate.Testing.DomainModel.Mapping.CompositeIdentityPartTester.Key_property_TypeIsSetToFullTypeNameIfTypeGeneric" executed="True" success="True" time="0.001" asserts="2" />
                          <test-case name="FluentNHibernate.Testing.DomainModel.Mapping.CompositeIdentityPartTester.Key_property_TypeIsSetToTypeName" executed="True" success="True" time="0.001" asserts="2" />
                          <test-case name="FluentNHibernate.Testing.DomainModel.Mapping.CompositeIdentityPartTester.Mixed_key_property_and_many_to_one" executed="True" success="True" time="0.001" asserts="4" />
                        </results>
                      </test-suite>
                      <test-suite name="ConventionsTester" success="True" time="0.041" asserts="0">
                        <results>
                          <test-case name="FluentNHibernate.Testing.DomainModel.Mapping.ConventionsTester.add_property_convention_for_type_of_attribute" executed="True" success="True" time="0.040" asserts="0" />
                          <test-case name="FluentNHibernate.Testing.DomainModel.Mapping.ConventionsTester.Get_the_convention_for_a_relationship" executed="True" success="True" time="0.000" asserts="1" />
                          <test-case name="FluentNHibernate.Testing.DomainModel.Mapping.ConventionsTester.Set_the_convention_for_foreign_keys" executed="True" success="True" time="0.000" asserts="1" />
                        </results>
                      </test-suite>
                      <test-suite name="DefaultAccessStrategyClassMapTester" success="True" time="0.018" asserts="0">
                        <results>
                          <test-case name="FluentNHibernate.Testing.DomainModel.Mapping.DefaultAccessStrategyClassMapTester.AccessAsCamelCaseField_SetsAccessStrategyToField_and_SetsNamingStrategyToCamelCase" executed="True" success="True" time="0.001" asserts="2" />
                          <test-case name="FluentNHibernate.Testing.DomainModel.Mapping.DefaultAccessStrategyClassMapTester.AccessAsCamelCaseFieldWithUnderscorePrefix_SetsAccessStrategyToField_and_SetsNamingStrategyToCamelCaseUnderscore" executed="True" success="True" time="0.001" asserts="2" />
                          <test-case name="FluentNHibernate.Testing.DomainModel.Mapping.DefaultAccessStrategyClassMapTester.AccessAsField_SetsAccessStrategyToField" executed="True" success="True" time="0.000" asserts="2" />
                          <test-case name="FluentNHibernate.Testing.DomainModel.Mapping.DefaultAccessStrategyClassMapTester.AccessAsLowerCaseField_SetsAccessStrategyToField_and_SetsNamingStrategyToLowerCase" executed="True" success="True" time="0.000" asserts="2" />
                          <test-case name="FluentNHibernate.Testing.DomainModel.Mapping.DefaultAccessStrategyClassMapTester.AccessAsLowerCaseFieldWithUnderscorePrefix_SetsAccessStrategyToField_and_SetsNamingStrategyToLowerCaseUnderscore" executed="True" success="True" time="0.001" asserts="2" />
                          <test-case name="FluentNHibernate.Testing.DomainModel.Mapping.DefaultAccessStrategyClassMapTester.AccessAsPascalCaseFieldWithMPrefix_SetsAccessStrategyToField_and_SetsNamingStrategyToLowerCaseM" executed="True" success="True" time="0.001" asserts="2" />
                          <test-case name="FluentNHibernate.Testing.DomainModel.Mapping.DefaultAccessStrategyClassMapTester.AccessAsPascalCaseFieldWithMUnderscorePrefix_SetsAccessStrategyToField_and_SetsNamingStrategyToLowerCaseMUnderscore" executed="True" success="True" time="0.001" asserts="2" />
                          <test-case name="FluentNHibernate.Testing.DomainModel.Mapping.DefaultAccessStrategyClassMapTester.AccessAsPascalCaseFieldWithUnderscorePrefix_SetsAccessStrategyToField_and_SetsNamingStrategyToPascalCaseUnderscore" executed="True" success="True" time="0.000" asserts="2" />
                          <test-case name="FluentNHibernate.Testing.DomainModel.Mapping.DefaultAccessStrategyClassMapTester.AccessAsProperty_SetsAccessStrategyToProperty" executed="True" success="True" time="0.000" asserts="2" />
                          <test-case name="FluentNHibernate.Testing.DomainModel.Mapping.DefaultAccessStrategyClassMapTester.AccessAsReadOnlyPropertyThroughCamelCaseField_SetsAccessStrategyToNoSetter_and_SetsNamingStrategyToCamelCase" executed="True" success="True" time="0.000" asserts="2" />
                          <test-case name="FluentNHibernate.Testing.DomainModel.Mapping.DefaultAccessStrategyClassMapTester.AccessAsReadOnlyPropertyThroughCamelCaseFieldWithUnderscorePrefix_SetsAccessStrategyToNoSetter_and_SetsNamingStrategyToCamelCaseUnderscore" executed="True" success="True" time="0.000" asserts="2" />
                          <test-case name="FluentNHibernate.Testing.DomainModel.Mapping.DefaultAccessStrategyClassMapTester.AccessAsReadOnlyPropertyThroughLowerCaseField_SetsAccessStrategyToNoSetter_and_SetsNamingStrategyToLowerCase" executed="True" success="True" time="0.000" asserts="2" />
                          <test-case name="FluentNHibernate.Testing.DomainModel.Mapping.DefaultAccessStrategyClassMapTester.AccessAsReadOnlyPropertyThroughLowerCaseFieldWithUnderscorePrefix_SetsAccessStrategyToNoSetter_and_SetsNamingStrategyToLowerCaseUnderscore" executed="True" success="True" time="0.001" asserts="2" />
                          <test-case name="FluentNHibernate.Testing.DomainModel.Mapping.DefaultAccessStrategyClassMapTester.AccessAsReadOnlyPropertyThroughPascalCaseFieldWithMPrefix_SetsAccessStrategyToNoSetter_and_SetsNamingStrategyToPascalCaseM" executed="True" success="True" time="0.001" asserts="2" />
                          <test-case name="FluentNHibernate.Testing.DomainModel.Mapping.DefaultAccessStrategyClassMapTester.AccessAsReadOnlyPropertyThroughPascalCaseFieldWithMUnderscorePrefix_SetsAccessStrategyToNoSetter_and_SetsNamingStrategyToPascalCaseMUnderscore" executed="True" success="True" time="0.001" asserts="2" />
                          <test-case name="FluentNHibernate.Testing.DomainModel.Mapping.DefaultAccessStrategyClassMapTester.AccessAsReadOnlyPropertyThroughPascalCaseFieldWithUnderscorePrefix_SetsAccessStrategyToNoSetter_and_SetsNamingStrategyToPascalCaseUnderscore" executed="True" success="True" time="0.001" asserts="2" />
                          <test-case name="FluentNHibernate.Testing.DomainModel.Mapping.DefaultAccessStrategyClassMapTester.AccessUsingClassGenericParameter_SetsAccessAttributeToAssemblyQualifiedName" executed="True" success="True" time="0.000" asserts="2" />
                          <test-case name="FluentNHibernate.Testing.DomainModel.Mapping.DefaultAccessStrategyClassMapTester.AccessUsingClassName_SetsAccessAttributeToClassName" executed="True" success="True" time="0.000" asserts="2" />
                          <test-case name="FluentNHibernate.Testing.DomainModel.Mapping.DefaultAccessStrategyClassMapTester.AccessUsingClassType_SetsAccessAttributeToAssemblyQualifiedName" executed="True" success="True" time="0.001" asserts="2" />
                        </results>
                      </test-suite>
                      <test-suite name="DefaultConventionTester" success="True" time="0.001" asserts="0">
                        <results>
                          <test-case name="FluentNHibernate.Testing.DomainModel.Mapping.DefaultConventionTester.OnlyAppliesTypeConventionIfNoneIsSpecified" executed="True" success="True" time="0.001" asserts="1" />
                        </results>
                      </test-suite>
                      <test-suite name="DiscriminatorPartTester" success="True" time="0.004" asserts="0">
                        <results>
                          <test-case name="FluentNHibernate.Testing.DomainModel.Mapping.DiscriminatorPartTester.When_a_discriminator_value_is_specified_then_an_attribute_should_be_written" executed="True" success="True" time="0.001" asserts="1" />
                          <test-case name="FluentNHibernate.Testing.DomainModel.Mapping.DiscriminatorPartTester.When_no_discriminator_value_is_explicitly_specified_then_attribute_should_not_be_written" executed="True" success="True" time="0.000" asserts="1" />
                          <test-case name="FluentNHibernate.Testing.DomainModel.Mapping.DiscriminatorPartTester.When_null_is_specified_as_the_discriminator_value_then_attribute_should_not_be_written" executed="True" success="True" time="0.001" asserts="1" />
                        </results>
                      </test-suite>
                      <test-suite name="FetchTypeExpressionTester" success="True" time="0.001" asserts="0">
                        <results>
                          <test-case name="FluentNHibernate.Testing.DomainModel.Mapping.FetchTypeExpressionTester.Join_should_add_the_correct_fetch_attribute_to_the_parent_part" executed="True" success="True" time="0.000" asserts="1" />
                          <test-case name="FluentNHibernate.Testing.DomainModel.Mapping.FetchTypeExpressionTester.Select_should_add_the_correct_fetch_attribute_to_the_parent_part" executed="True" success="True" time="0.001" asserts="1" />
                        </results>
                      </test-suite>
                      <test-suite name="IdentityPartTester" success="True" time="0.041" asserts="0">
                        <results>
                          <test-case name="FluentNHibernate.Testing.DomainModel.Mapping.IdentityPartTester.BUGFIX_each_visitor_should_be_asked_to_specify_the_primary_key_name_convention" executed="True" success="True" time="0.002" asserts="4" />
                          <test-case name="FluentNHibernate.Testing.DomainModel.Mapping.IdentityPartTester.ColumnName_SpecifyColumnName" executed="True" success="True" time="0.001" asserts="2" />
                          <test-case name="FluentNHibernate.Testing.DomainModel.Mapping.IdentityPartTester.Defaults" executed="True" success="True" time="0.001" asserts="8" />
                          <test-case name="FluentNHibernate.Testing.DomainModel.Mapping.IdentityPartTester.GeneratorClass_CanSpecifyAssigned" executed="True" success="True" time="0.001" asserts="2" />
                          <test-case name="FluentNHibernate.Testing.DomainModel.Mapping.IdentityPartTester.GeneratorClass_CanSpecifyForeign" executed="True" success="True" time="0.007" asserts="6" />
                          <test-case name="FluentNHibernate.Testing.DomainModel.Mapping.IdentityPartTester.GeneratorClass_CanSpecifyGuid" executed="True" success="True" time="0.001" asserts="2" />
                          <test-case name="FluentNHibernate.Testing.DomainModel.Mapping.IdentityPartTester.GeneratorClass_CanSpecifyGuidComb" executed="True" success="True" time="0.001" asserts="2" />
                          <test-case name="FluentNHibernate.Testing.DomainModel.Mapping.IdentityPartTester.GeneratorClass_CanSpecifyHiLo" executed="True" success="True" time="0.002" asserts="12" />
                          <test-case name="FluentNHibernate.Testing.DomainModel.Mapping.IdentityPartTester.GeneratorClass_CanSpecifyIdentity" executed="True" success="True" time="0.000" asserts="2" />
                          <test-case name="FluentNHibernate.Testing.DomainModel.Mapping.IdentityPartTester.GeneratorClass_CanSpecifyIncrement" executed="True" success="True" time="0.000" asserts="2" />
                          <test-case name="FluentNHibernate.Testing.DomainModel.Mapping.IdentityPartTester.GeneratorClass_CanSpecifyNative" executed="True" success="True" time="0.001" asserts="2" />
                          <test-case name="FluentNHibernate.Testing.DomainModel.Mapping.IdentityPartTester.GeneratorClass_CanSpecifySeqHiLo" executed="True" success="True" time="0.001" asserts="9" />
                          <test-case name="FluentNHibernate.Testing.DomainModel.Mapping.IdentityPartTester.GeneratorClass_CanSpecifySequence" executed="True" success="True" time="0.000" asserts="6" />
                          <test-case name="FluentNHibernate.Testing.DomainModel.Mapping.IdentityPartTester.GeneratorClass_CanSpecifyUuidHex" executed="True" success="True" time="0.001" asserts="6" />
                          <test-case name="FluentNHibernate.Testing.DomainModel.Mapping.IdentityPartTester.GeneratorClass_CanSpecifyUuidString" executed="True" success="True" time="0.000" asserts="2" />
                          <test-case name="FluentNHibernate.Testing.DomainModel.Mapping.IdentityPartTester.GeneratorClass_Guid_DefaultsToGuidComb" executed="True" success="True" time="0.001" asserts="4" />
                          <test-case name="FluentNHibernate.Testing.DomainModel.Mapping.IdentityPartTester.GeneratorClass_Long_DefaultsToIdentity" executed="True" success="True" time="0.001" asserts="4" />
                          <test-case name="FluentNHibernate.Testing.DomainModel.Mapping.IdentityPartTester.GeneratorClass_String_DefaultsToAssigned" executed="True" success="True" time="0.001" asserts="4" />
                          <test-case name="FluentNHibernate.Testing.DomainModel.Mapping.IdentityPartTester.IdentityType_MustBeGuid_ForGuid" executed="True" success="True" time="0.001" asserts="0" />
                          <test-case name="FluentNHibernate.Testing.DomainModel.Mapping.IdentityPartTester.IdentityType_MustBeGuid_ForGuidComb" executed="True" success="True" time="0.001" asserts="0" />
[...]
                      <test-suite name="JoinedSubClassTester" success="True" time="0.020" asserts="0">
                        <results>
                          <test-case name="FluentNHibernate.Testing.DomainModel.Mapping.JoinedSubClassTester.CanSpecifyJoinedSubClassTable" executed="True" success="True" time="0.004" asserts="2" />
                          <test-case name="FluentNHibernate.Testing.DomainModel.Mapping.JoinedSubClassTester.CreatesJoinedSubClassElement" executed="True" success="True" time="0.001" asserts="1" />
                          <test-case name="FluentNHibernate.Testing.DomainModel.Mapping.JoinedSubClassTester.JoinedSubClassHasKeyElement" executed="True" success="True" time="0.002" asserts="1" />
                          <test-case name="FluentNHibernate.Testing.DomainModel.Mapping.JoinedSubClassTester.JoinedSubClassKeyElementHasCorrectColumn" executed="True" success="True" time="0.001" asserts="2" />
                          <test-case name="FluentNHibernate.Testing.DomainModel.Mapping.JoinedSubClassTester.NamesJoinedSubClassElementCorrectly" executed="True" success="True" time="0.001" asserts="2" />
                          <test-case name="FluentNHibernate.Testing.DomainModel.Mapping.JoinedSubClassTester.PropertiesGetAddedToJoinedSubClassElement" executed="True" success="True" time="0.001" asserts="3" />
                          <test-case name="FluentNHibernate.Testing.DomainModel.Mapping.JoinedSubClassTester.SubclassesAreLastInClass" executed="True" success="True" time="0.009" asserts="1" />
                        </results>
                      </test-suite>
                      <test-suite name="JoinPartTester" success="True" time="0.013" asserts="0">
                        <results>
                          <test-case name="FluentNHibernate.Testing.DomainModel.Mapping.JoinPartTester.CanOverrideKey" executed="True" success="True" time="0.001" asserts="2" />
                          <test-case name="FluentNHibernate.Testing.DomainModel.Mapping.JoinPartTester.CreatesJoinElement" executed="True" success="True" time="0.001" asserts="1" />
                          <test-case name="FluentNHibernate.Testing.DomainModel.Mapping.JoinPartTester.JoinElementAlwaysHasAKey" executed="True" success="True" time="0.001" asserts="1" />
                          <test-case name="FluentNHibernate.Testing.DomainModel.Mapping.JoinPartTester.JoinElementHasTableName" executed="True" success="True" time="0.003" asserts="2" />
                          <test-case name="FluentNHibernate.Testing.DomainModel.Mapping.JoinPartTester.JoinIsAlwaysLastInTheClassElement" executed="True" success="True" time="0.002" asserts="1" />
                          <test-case name="FluentNHibernate.Testing.DomainModel.Mapping.JoinPartTester.KeyDefaultsToClassNameID" executed="True" success="True" time="0.001" asserts="2" />
                          <test-case name="FluentNHibernate.Testing.DomainModel.Mapping.JoinPartTester.PropertiesDefinedInClassAndPropertiesDefinedInJoinAreSeparateInOutput" executed="True" success="True" time="0.002" asserts="4" />
                          <test-case name="FluentNHibernate.Testing.DomainModel.Mapping.JoinPartTester.PropertiesInJoinAreOutputInTheJoinElement" executed="True" success="True" time="0.001" asserts="2" />
                        </results>
                      </test-suite>
                      <test-suite name="MappingPartOutputOrderTests" success="True" time="0.005" asserts="0">
                        <results>
                          <test-case name="FluentNHibernate.Testing.DomainModel.Mapping.MappingPartOutputOrderTests.FirstComesFirstLastComesLastAnywheresInTheMiddleOrderedByLevel" executed="True" success="True" time="0.002" asserts="4" />
                          <test-case name="FluentNHibernate.Testing.DomainModel.Mapping.MappingPartOutputOrderTests.PartsAreOrderedByLevelRegardlessOfInsertionOrder" executed="True" success="True" time="0.001" asserts="4" />
                          <test-case name="FluentNHibernate.Testing.DomainModel.Mapping.MappingPartOutputOrderTests.PartsAreOrderedByPosition" executed="True" success="True" time="0.001" asserts="3" />
                          <test-case name="FluentNHibernate.Testing.DomainModel.Mapping.MappingPartOutputOrderTests.PartsWithSamePositionAreOrderedByLevel" executed="True" success="True" time="0.000" asserts="4" />
                        </results>
                      </test-suite>
                      <test-suite name="OneToManyIntegrationTester" success="True" time="0.182" asserts="0">
                        <results>
                          <test-case name="FluentNHibernate.Testing.DomainModel.Mapping.OneToManyIntegrationTester.NHibernateCanLoadOneToManyTargetMapping" executed="True" success="True" time="0.182" asserts="0" />
                        </results>
                      </test-suite>
                      <test-suite name="OneToManyTester" success="True" time="0.041" asserts="0">
                        <results>
                          <test-case name="FluentNHibernate.Testing.DomainModel.Mapping.OneToManyTester.ArrayHasIndexElement" executed="True" success="True" time="0.001" asserts="1" />
                          <test-case name="FluentNHibernate.Testing.DomainModel.Mapping.OneToManyTester.CanOverrideMapIndexElement" executed="True" success="True" time="0.002" asserts="2" />
                          <test-case name="FluentNHibernate.Testing.DomainModel.Mapping.OneToManyTester.CanSetAsElement" executed="True" success="True" time="0.001" asserts="1" />
                          <test-case name="FluentNHibernate.Testing.DomainModel.Mapping.OneToManyTester.CanSetTableName" executed="True" success="True" time="0.001" asserts="2" />
                          <test-case name="FluentNHibernate.Testing.DomainModel.Mapping.OneToManyTester.CanSetTableNameForCompositeElements" executed="True" success="True" time="0.003" asserts="2" />
                          <test-case name="FluentNHibernate.Testing.DomainModel.Mapping.OneToManyTester.CanSpecifyCollectionOfComponents" executed="True" success="True" time="0.002" asserts="1" />
                          <test-case name="FluentNHibernate.Testing.DomainModel.Mapping.OneToManyTester.CanSpecifyCollectionTypeAsArray" executed="True" success="True" time="0.001" asserts="1" />
                          <test-case name="FluentNHibernate.Testing.DomainModel.Mapping.OneToManyTester.CanSpecifyCollectionTypeAsBag" executed="True" success="True" time="0.001" asserts="1" />
                          <test-case name="FluentNHibernate.Testing.DomainModel.Mapping.OneToManyTester.CanSpecifyCollectionTypeAsList" executed="True" success="True" time="0.000" asserts="1" />
                          <test-case name="FluentNHibernate.Testing.DomainModel.Mapping.OneToManyTester.CanSpecifyCollectionTypeAsMap" executed="True" success="True" time="0.001" asserts="1" />
                          <test-case name="FluentNHibernate.Testing.DomainModel.Mapping.OneToManyTester.CanSpecifyCollectionTypeAsSet" executed="True" success="True" time="0.001" asserts="1" />
                          <test-case name="FluentNHibernate.Testing.DomainModel.Mapping.OneToManyTester.CanSpecifyForeignKeyColumnAsString" executed="True" success="True" time="0.001" asserts="2" />
                          <test-case name="FluentNHibernate.Testing.DomainModel.Mapping.OneToManyTester.CanSpecifyForeignKeyName" executed="True" success="True" time="0.001" asserts="2" />
                          <test-case name="FluentNHibernate.Testing.DomainModel.Mapping.OneToManyTester.CanSpecifyIndexColumnAndTypeForList" executed="True" success="True" time="0.001" asserts="4" />
                          <test-case name="FluentNHibernate.Testing.DomainModel.Mapping.OneToManyTester.cascade_attribute_is_noneexistant_if_not_specified" executed="True" success="True" time="0.000" asserts="1" />
                          <test-case name="FluentNHibernate.Testing.DomainModel.Mapping.OneToManyTester.ElementHasCorrectColumnName" executed="True" success="True" time="0.000" asserts="2" />
                          <test-case name="FluentNHibernate.Testing.DomainModel.Mapping.OneToManyTester.ElementHasCorrectType" executed="True" success="True" time="0.001" asserts="2" />
                          <test-case name="FluentNHibernate.Testing.DomainModel.Mapping.OneToManyTester.ListHasIndexElement" executed="True" success="True" time="0.001" asserts="1" />
                          <test-case name="FluentNHibernate.Testing.DomainModel.Mapping.OneToManyTester.MapHasIndexElement" executed="True" success="True" time="0.001" asserts="4" />
                          <test-case name="FluentNHibernate.Testing.DomainModel.Mapping.OneToManyTester.OneToManyElementIsExcludedForComponents" executed="True" success="True" time="0.001" asserts="1" />
                          <test-case name="FluentNHibernate.Testing.DomainModel.Mapping.OneToManyTester.SetsCascadeOffAsDefault" executed="True" success="True" time="0.001" asserts="1" />
                          <test-case name="FluentNHibernate.Testing.DomainModel.Mapping.OneToManyTester.SetsCascadeOnThroughConvention" executed="True" success="True" time="0.002" asserts="2" />
                          <test-case name="FluentNHibernate.Testing.DomainModel.Mapping.OneToManyTester.SetsLazyLoadingAsDefault" executed="True" success="True" time="0.002" asserts="1" />
                          <test-case name="FluentNHibernate.Testing.DomainModel.Mapping.OneToManyTester.SetsLazyLoadingOnThroughConvention" executed="True" success="True" time="0.002" asserts="2" />
                          <test-case name="FluentNHibernate.Testing.DomainModel.Mapping.OneToManyTester.setting_the_cascade_to_something_other_than_none_updates_the_cascade_attribute" executed="True" success="True" time="0.001" asserts="2" />
                          <test-case name="FluentNHibernate.Testing.DomainModel.Mapping.OneToManyTester.ShouldMapElementsOfCompositeElement" executed="True" success="True" time="0.002" asserts="1" />
                          <test-case name="FluentNHibernate.Testing.DomainModel.Mapping.OneToManyTester.TableNameAttributeOnlyAddedWhenSet" executed="True" success="True" time="0.001" asserts="1" />
                        </results>
                      </test-suite>
                      <test-suite name="PropertyMapTester" success="True" time="0.018" asserts="0">
                        <results>
                          <test-case name="FluentNHibernate.Testing.DomainModel.Mapping.PropertyMapTester.CanSpecifyCustomSqlType" executed="True" success="True" time="0.001" asserts="2" />
                          <test-case name="FluentNHibernate.Testing.DomainModel.Mapping.PropertyMapTester.CanSpecifyCustomType" executed="True" success="True" time="0.001" asserts="2" />
                          <test-case name="FluentNHibernate.Testing.DomainModel.Mapping.PropertyMapTester.ColumnName_IsColumnName_WhenColumnNameFluentGiven" executed="True" success="True" time="0.001" asserts="1" />
                          <test-case name="FluentNHibernate.Testing.DomainModel.Mapping.PropertyMapTester.ColumnName_IsColumnName_WhenColumnNameGiven" executed="True" success="True" time="0.000" asserts="1" />
                          <test-case name="FluentNHibernate.Testing.DomainModel.Mapping.PropertyMapTester.ColumnName_IsPropertyName_WhenNoColumnNameGiven" executed="True" success="True" time="0.000" asserts="1" />
                          <test-case name="FluentNHibernate.Testing.DomainModel.Mapping.PropertyMapTester.Map_WithColumnName_UsesColumnNameFor_ColumnNameAttribute" executed="True" success="True" time="0.001" asserts="2" />
                          <test-case name="FluentNHibernate.Testing.DomainModel.Mapping.PropertyMapTester.Map_WithColumnName_UsesColumnNameFor_PropertyColumnAttribute" executed="True" success="True" time="0.001" asserts="2" />
                          <test-case name="FluentNHibernate.Testing.DomainModel.Mapping.PropertyMapTester.Map_WithFluentColumnName_UsesColumnNameFor_ColumnNameAttribute" executed="True" success="True" time="0.000" asserts="2" />
                          <test-case name="FluentNHibernate.Testing.DomainModel.Mapping.PropertyMapTester.Map_WithFluentColumnName_UsesColumnNameFor_PropertyColumnAttribute" executed="True" success="True" time="0.001" asserts="2" />
                          <test-case name="FluentNHibernate.Testing.DomainModel.Mapping.PropertyMapTester.Map_WithFluentFormula_UsesFormula" executed="True" success="True" time="0.002" asserts="2" />
                          <test-case name="FluentNHibernate.Testing.DomainModel.Mapping.PropertyMapTester.Map_WithFluentLength_UsesAsReadOnly_PropertyColumnAttribute" executed="True" success="True" time="0.001" asserts="4" />
                          <test-case name="FluentNHibernate.Testing.DomainModel.Mapping.PropertyMapTester.Map_WithFluentLength_UsesCanNotBeNull_PropertyColumnAttribute" executed="True" success="True" time="0.001" asserts="2" />
                          <test-case name="FluentNHibernate.Testing.DomainModel.Mapping.PropertyMapTester.Map_WithFluentLength_UsesInvalidWithLengthOf_PropertyColumnAttribute" executed="True" success="True" time="0.002" asserts="0" />
                          <test-case name="FluentNHibernate.Testing.DomainModel.Mapping.PropertyMapTester.Map_WithFluentLength_UsesWithLengthOf_PropertyColumnAttribute" executed="True" success="True" time="0.001" asserts="2" />
                          <test-case name="FluentNHibernate.Testing.DomainModel.Mapping.PropertyMapTester.Map_WithoutColumnName_UsesPropertyNameFor_ColumnNameAttribute" executed="True" success="True" time="0.001" asserts="2" />
                          <test-case name="FluentNHibernate.Testing.DomainModel.Mapping.PropertyMapTester.Map_WithoutColumnName_UsesPropertyNameFor_PropertyColumnAttribute" executed="True" success="True" time="0.001" asserts="2" />
                          <test-case name="FluentNHibernate.Testing.DomainModel.Mapping.PropertyMapTester.SetAttributeOnColumnElement" executed="True" success="True" time="0.000" asserts="2" />
                        </results>
                      </test-suite>
                      <test-suite name="VersionTester" success="True" time="0.004" asserts="0">
                        <results>
                          <test-case name="FluentNHibernate.Testing.DomainModel.Mapping.VersionTester.CanSepecifyAccessType" executed="True" success="True" time="0.001" asserts="7" />
                          <test-case name="FluentNHibernate.Testing.DomainModel.Mapping.VersionTester.CanSepecifyAsNeverGenerated" executed="True" success="True" time="0.000" asserts="3" />
                          <test-case name="FluentNHibernate.Testing.DomainModel.Mapping.VersionTester.CanSpecifyVersion" executed="True" success="True" time="0.000" asserts="3" />
                          <test-case name="FluentNHibernate.Testing.DomainModel.Mapping.VersionTester.CanSpecifyVersionOverrideColumnName" executed="True" success="True" time="0.001" asserts="5" />
                        </results>
                      </test-suite>
                    </results>
                  </test-suite>
                  <test-suite name="Query" success="True" time="0.077" asserts="0">
                    <results>
                      <test-suite name="EntityQueryBuilderTester" success="True" time="0.059" asserts="0">
                        <results>
                          <test-case name="FluentNHibernate.Testing.DomainModel.Query.EntityQueryBuilderTester.EntityQueryBuilder_AddFilter_should_add_a_new_filter_and_add_it_to_the_previous_filter_using_the_AndAlso_operator" executed="True" success="True" time="0.012" asserts="2" />
                          <test-case name="FluentNHibernate.Testing.DomainModel.Query.EntityQueryBuilderTester.EntityQueryBuilder_AddFilter_should_change_the_type_if_the_value_type_is_not_a_string" executed="True" success="True" time="0.001" asserts="2" />
                          <test-case name="FluentNHibernate.Testing.DomainModel.Query.EntityQueryBuilderTester.EntityQueryBuilder_AddFilter_should_not_change_the_type_if_the_value_type_is_already_a_string" executed="True" success="True" time="0.001" asserts="2" />
                          <test-case name="FluentNHibernate.Testing.DomainModel.Query.EntityQueryBuilderTester.EntityQueryBuilder_AddFilter_SmokeTest" executed="True" success="True" time="0.038" asserts="4" />
                          <test-case name="FluentNHibernate.Testing.DomainModel.Query.EntityQueryBuilderTester.EntityQueryBuilder_PrepareQuery_should_loop_through_each_criterion_and_set_up_a_filter" executed="True" success="True" time="0.005" asserts="4" />
                        </results>
                      </test-suite>
                      <test-suite name="EntityQueryDefinitionBuilderTester" success="True" time="0.003" asserts="0">
                        <results>
                          <test-case name="FluentNHibernate.Testing.DomainModel.Query.EntityQueryDefinitionBuilderTester.AddQuickFilterFor_should_add_new_FilterableProperty_to_the_quick_filters_collection_as_well_as_the_general_filter_collection" executed="True" success="True" time="0.001" asserts="2" />
                          <test-case name="FluentNHibernate.Testing.DomainModel.Query.EntityQueryDefinitionBuilderTester.AllowFilterOn_should_add_new_FilterableProperty_to_the_query_filter_collection" executed="True" success="True" time="0.000" asserts="1" />
                        </results>
                      </test-suite>
                      <test-suite name="EntityQueryDefinitionTester" success="True" time="0.003" asserts="0">
                        <results>
                          <test-case name="FluentNHibernate.Testing.DomainModel.Query.EntityQueryDefinitionTester.AddQuickFilterFor_should_add_new_FilterableProperty_to_the_quick_filters_collection_as_well_as_the_general_filter_collection" executed="True" success="True" time="0.001" asserts="2" />
                          <test-case name="FluentNHibernate.Testing.DomainModel.Query.EntityQueryDefinitionTester.AllowFilterOn_should_add_new_FilterableProperty_to_the_query_filter_collection" executed="True" success="True" time="0.001" asserts="1" />
                        </results>
                      </test-suite>
                      <test-suite name="FilterTypeRegistryTester" success="True" time="0.002" asserts="0">
                        <results>
                          <test-case name="FluentNHibernate.Testing.DomainModel.Query.FilterTypeRegistryTester.should_return_expected_filter_types_for_int32_type" executed="True" success="True" time="0.001" asserts="1" />
                          <test-case name="FluentNHibernate.Testing.DomainModel.Query.FilterTypeRegistryTester.should_return_expected_filter_types_for_string_type" executed="True" success="True" time="0.001" asserts="1" />
                        </results>
                      </test-suite>
                      <test-suite name="StringFilterTypeTester" success="True" time="0.003" asserts="0">
                        <results>
                          <test-case name="FluentNHibernate.Testing.DomainModel.Query.StringFilterTypeTester.StringFilterType_should_generate_an_expression_that_calls_the_designated_string_method_on_the_value" executed="True" success="True" time="0.003" asserts="1" />
                        </results>
                      </test-suite>
                    </results>
                  </test-suite>
                </results>
              </test-suite>
            </results>
          </test-suite>
        </results>
      </test-suite>
    </results>
  </test-suite>
</test-results>