<?xml version="1.0" encoding="utf-8" standalone="no"?>
<!--This file represents the results of running a test suite-->
<test-results name="C:/Documents and Settings/Administrator/dev/fluent-nhibernate/src/FluentNHibernate.Testing/bin/x86/release/FluentNHibernate.Testing.dll" total="2078" errors="14" failures="2" not-run="16" ignored="16" skipped="0" invalid="0" date="2009-07-19" time="15:10:36">
  <environment nunit-version="2.5.0.9015" clr-version="2.0.50727.1433" os-version="Microsoft Windows NT 5.1.2600 Service Pack 3" platform="Win32NT" cwd="C:\Documents and Settings\Administrator\dev\fluent-nhibernate" machine-name="MORBO" user="Administrator" user-domain="MORBO" />
  <culture-info current-culture="en-GB" current-uiculture="en-US" />
  <test-suite name="C:/Documents and Settings/Administrator/dev/fluent-nhibernate/src/FluentNHibernate.Testing/bin/x86/release/FluentNHibernate.Testing.dll" executed="True" success="False" time="19.203" asserts="0">
    <results>
      <test-suite name="FluentNHibernate" executed="True" success="False" time="18.766" asserts="0">
        <results>
          <test-suite name="Testing" executed="True" success="False" time="18.766" asserts="0">
            <results>
              <test-suite name="AutoMap" executed="True" success="True" time="9.000" asserts="0">
                <results>
                  <test-suite name="Apm" executed="True" success="True" time="8.797" asserts="0">
                    <results>
                      <test-suite name="AlterationCollectionTests" executed="True" success="True" time="0.047" asserts="0">
                        <results>
                          <test-case name="FluentNHibernate.Testing.AutoMap.Apm.AlterationCollectionTests.ShouldBeAbleToAddAllAlterationsFromAssembly" executed="True" success="True" time="0.031" asserts="2" />
                          <test-case name="FluentNHibernate.Testing.AutoMap.Apm.AlterationCollectionTests.ShouldBeAbleToAddAllAlterationsFromAssemblyByType" executed="True" success="True" time="0.000" asserts="2" />
                          <test-case name="FluentNHibernate.Testing.AutoMap.Apm.AlterationCollectionTests.ShouldBeAbleToAddSingleAlteration" executed="True" success="True" time="0.000" asserts="1" />
                          <test-case name="FluentNHibernate.Testing.AutoMap.Apm.AlterationCollectionTests.ShouldBeAbleToAddSingleAlterationByType" executed="True" success="True" time="0.000" asserts="1" />
                          <test-case name="FluentNHibernate.Testing.AutoMap.Apm.AlterationCollectionTests.ShouldntAddAlterationIfAddedAlready" executed="True" success="True" time="0.000" asserts="2" />
                        </results>
                      </test-suite>
                      <test-suite name="AlterationTests" executed="True" success="True" time="2.719" asserts="0">
                        <results>
                          <test-case name="FluentNHibernate.Testing.AutoMap.Apm.AlterationTests.ShouldApplyAlterationsToModel" executed="True" success="True" time="2.719" asserts="0" />
                          <test-case name="FluentNHibernate.Testing.AutoMap.Apm.AlterationTests.UseOverridesAddsAlteration" executed="True" success="True" time="0.000" asserts="1" />
                        </results>
                      </test-suite>
                      <test-suite name="AutoMappingOverrideAlterationTests" executed="True" success="True" time="0.422" asserts="0">
                        <results>
                          <test-case name="FluentNHibernate.Testing.AutoMap.Apm.AutoMappingOverrideAlterationTests.OverridesApplied" executed="True" success="True" time="0.391" asserts="2" />
                          <test-case name="FluentNHibernate.Testing.AutoMap.Apm.AutoMappingOverrideAlterationTests.RegularAutoMappingsStillWorkWhenOverridesApplied" executed="True" success="True" time="0.031" asserts="1" />
                        </results>
                      </test-suite>
                      <test-suite name="AutoPersistenceModelTests" executed="True" success="True" time="5.594" asserts="0">
                        <results>
                          <test-case name="FluentNHibernate.Testing.AutoMap.Apm.AutoPersistenceModelTests.AppliesConventionsToManyToOne" executed="True" success="True" time="0.094" asserts="2" />
                          <test-case name="FluentNHibernate.Testing.AutoMap.Apm.AutoPersistenceModelTests.AppliesConventionsToOneToMany" executed="True" success="True" time="0.031" asserts="2" />
                          <test-case name="FluentNHibernate.Testing.AutoMap.Apm.AutoPersistenceModelTests.CanMixMappingTypes" executed="True" success="True" time="2.594" asserts="2" />
                          <test-case name="FluentNHibernate.Testing.AutoMap.Apm.AutoPersistenceModelTests.CanSearchForOpenGenericTypes" executed="True" success="True" time="0.000" asserts="0" />
                          <test-case name="FluentNHibernate.Testing.AutoMap.Apm.AutoPersistenceModelTests.ComponentColumnConventionReceivesProperty" executed="True" success="True" time="0.125" asserts="3" />
                          <test-case name="FluentNHibernate.Testing.AutoMap.Apm.AutoPersistenceModelTests.ComponentPropertiesAssumeComponentColumnPrefix" executed="True" success="True" time="0.109" asserts="2" />
                          <test-case name="FluentNHibernate.Testing.AutoMap.Apm.AutoPersistenceModelTests.ComponentPropertiesAutoMapped" executed="True" success="True" time="0.078" asserts="2" />
                          <test-case name="FluentNHibernate.Testing.AutoMap.Apm.AutoPersistenceModelTests.ComponentPropertiesWithUserTypeAutoMapped" executed="True" success="True" time="0.094" asserts="2" />
                          <test-case name="FluentNHibernate.Testing.AutoMap.Apm.AutoPersistenceModelTests.ComponentTypesAutoMapped" executed="True" success="True" time="0.078" asserts="2" />
                          <test-case name="FluentNHibernate.Testing.AutoMap.Apm.AutoPersistenceModelTests.ForTypesThatDeriveFromShouldOverrideExistingComponent" executed="True" success="True" time="0.063" asserts="2" />
                          <test-case name="FluentNHibernate.Testing.AutoMap.Apm.AutoPersistenceModelTests.ForTypesThatDeriveFromShouldOverrideExistingHasMany" executed="True" success="True" time="0.078" asserts="2" />
                          <test-case name="FluentNHibernate.Testing.AutoMap.Apm.AutoPersistenceModelTests.ForTypesThatDeriveFromShouldOverrideExistingHasManyToMany" executed="True" success="True" time="0.063" asserts="3" />
                          <test-case name="FluentNHibernate.Testing.AutoMap.Apm.AutoPersistenceModelTests.ForTypesThatDeriveFromShouldOverrideExistingHasOne" executed="True" success="True" time="0.047" asserts="2" />
                          <test-case name="FluentNHibernate.Testing.AutoMap.Apm.AutoPersistenceModelTests.ForTypesThatDeriveFromShouldOverrideExistingId" executed="True" success="True" time="0.047" asserts="2" />
                          <test-case name="FluentNHibernate.Testing.AutoMap.Apm.AutoPersistenceModelTests.ForTypesThatDeriveFromShouldOverrideExistingProperty" executed="True" success="True" time="0.047" asserts="4" />
                          <test-case name="FluentNHibernate.Testing.AutoMap.Apm.AutoPersistenceModelTests.ForTypesThatDeriveFromShouldOverrideExistingReferences" executed="True" success="True" time="0.047" asserts="2" />
                          <test-case name="FluentNHibernate.Testing.AutoMap.Apm.AutoPersistenceModelTests.ForTypesThatDeriveFromShouldOverrideExistingReferencesAny" executed="True" success="True" time="0.063" asserts="2" />
                          <test-case name="FluentNHibernate.Testing.AutoMap.Apm.AutoPersistenceModelTests.ForTypesThatDeriveFromShouldOverrideExistingVersion" executed="True" success="True" time="0.047" asserts="2" />
                          <test-case name="FluentNHibernate.Testing.AutoMap.Apm.AutoPersistenceModelTests.IdIsMappedFromGenericBaseClass" executed="True" success="True" time="0.031" asserts="2" />
                          <test-case name="FluentNHibernate.Testing.AutoMap.Apm.AutoPersistenceModelTests.JoinedSubclassForTypesThatDeriveFromShouldOverrideExistingComponent" executed="True" success="True" time="0.047" asserts="2" />
                          <test-case name="FluentNHibernate.Testing.AutoMap.Apm.AutoPersistenceModelTests.JoinedSubclassForTypesThatDeriveFromShouldOverrideExistingHasMany" executed="True" success="True" time="0.031" asserts="2" />
                          <test-case name="FluentNHibernate.Testing.AutoMap.Apm.AutoPersistenceModelTests.JoinedSubclassForTypesThatDeriveFromShouldOverrideExistingHasManyToMany" executed="True" success="True" time="0.047" asserts="3" />
                          <test-case name="FluentNHibernate.Testing.AutoMap.Apm.AutoPersistenceModelTests.JoinedSubclassForTypesThatDeriveFromShouldOverrideExistingHasOne" executed="True" success="True" time="0.047" asserts="2" />
                          <test-case name="FluentNHibernate.Testing.AutoMap.Apm.AutoPersistenceModelTests.JoinedSubclassForTypesThatDeriveFromShouldOverrideExistingProperty" executed="True" success="True" time="0.031" asserts="4" />
                          <test-case name="FluentNHibernate.Testing.AutoMap.Apm.AutoPersistenceModelTests.JoinedSubclassForTypesThatDeriveFromShouldOverrideExistingReferences" executed="True" success="True" time="0.031" asserts="2" />
                          <test-case name="FluentNHibernate.Testing.AutoMap.Apm.AutoPersistenceModelTests.JoinedSubclassForTypesThatDeriveFromShouldOverrideExistingReferencesAny" executed="True" success="True" time="0.047" asserts="2" />
                          <test-case name="FluentNHibernate.Testing.AutoMap.Apm.AutoPersistenceModelTests.MapsPropertyWithPropertyConvention" executed="True" success="True" time="0.047" asserts="2" />
                          <test-case name="FluentNHibernate.Testing.AutoMap.Apm.AutoPersistenceModelTests.OverriddenSubclassIsAppliedToXml" executed="True" success="True" time="0.031" asserts="2" />
                          <test-case name="FluentNHibernate.Testing.AutoMap.Apm.AutoPersistenceModelTests.OverriddenSubclassIsMerged" executed="True" success="True" time="0.031" asserts="2" />
                          <test-case name="FluentNHibernate.Testing.AutoMap.Apm.AutoPersistenceModelTests.ShouldGenerateValidXml" executed="True" success="True" time="0.141" asserts="0" />
                          <test-case name="FluentNHibernate.Testing.AutoMap.Apm.AutoPersistenceModelTests.ShouldOnlyOutputOneClass" executed="True" success="True" time="0.047" asserts="1" />
                          <test-case name="FluentNHibernate.Testing.AutoMap.Apm.AutoPersistenceModelTests.SubclassForTypesThatDeriveFromShouldOverrideExistingComponent" executed="True" success="True" time="0.047" asserts="2" />
                          <test-case name="FluentNHibernate.Testing.AutoMap.Apm.AutoPersistenceModelTests.SubclassForTypesThatDeriveFromShouldOverrideExistingHasMany" executed="True" success="True" time="0.047" asserts="2" />
                          <test-case name="FluentNHibernate.Testing.AutoMap.Apm.AutoPersistenceModelTests.SubclassForTypesThatDeriveFromShouldOverrideExistingHasManyToMany" executed="True" success="True" time="0.031" asserts="3" />
                          <test-case name="FluentNHibernate.Testing.AutoMap.Apm.AutoPersistenceModelTests.SubclassForTypesThatDeriveFromShouldOverrideExistingHasOne" executed="True" success="True" time="0.047" asserts="2" />
                          <test-case name="FluentNHibernate.Testing.AutoMap.Apm.AutoPersistenceModelTests.SubclassForTypesThatDeriveFromShouldOverrideExistingProperty" executed="True" success="True" time="0.031" asserts="4" />
                          <test-case name="FluentNHibernate.Testing.AutoMap.Apm.AutoPersistenceModelTests.SubclassForTypesThatDeriveFromShouldOverrideExistingReferences" executed="True" success="True" time="0.047" asserts="2" />
                          <test-case name="FluentNHibernate.Testing.AutoMap.Apm.AutoPersistenceModelTests.SubclassForTypesThatDeriveFromShouldOverrideExistingReferencesAny" executed="True" success="True" time="0.031" asserts="2" />
                          <test-case name="FluentNHibernate.Testing.AutoMap.Apm.AutoPersistenceModelTests.SubclassShouldntRemapPropertiesMappedInParent" executed="True" success="True" time="0.047" asserts="2" />
                          <test-case name="FluentNHibernate.Testing.AutoMap.Apm.AutoPersistenceModelTests.TestAutoMapClassAppliesConventions" executed="True" success="True" time="0.031" asserts="2" />
                          <test-case name="FluentNHibernate.Testing.AutoMap.Apm.AutoPersistenceModelTests.TestAutoMapIdUsesConvention" executed="True" success="True" time="0.031" asserts="2" />
                          <test-case name="FluentNHibernate.Testing.AutoMap.Apm.AutoPersistenceModelTests.TestAutoMapIgnoresProperties" executed="True" success="True" time="0.047" asserts="1" />
                          <test-case name="FluentNHibernate.Testing.AutoMap.Apm.AutoPersistenceModelTests.TestAutoMapManyToOne" executed="True" success="True" time="0.031" asserts="2" />
                          <test-case name="FluentNHibernate.Testing.AutoMap.Apm.AutoPersistenceModelTests.TestAutoMapOneToMany" executed="True" success="True" time="0.047" asserts="2" />
                          <test-case name="FluentNHibernate.Testing.AutoMap.Apm.AutoPersistenceModelTests.TestAutoMapPropertyMergeOverridesId" executed="True" success="True" time="0.031" asserts="4" />
                          <test-case name="FluentNHibernate.Testing.AutoMap.Apm.AutoPersistenceModelTests.TestAutoMapPropertySetFindPrimaryKeyConvention" executed="True" success="True" time="0.016" asserts="4" />
                          <test-case name="FluentNHibernate.Testing.AutoMap.Apm.AutoPersistenceModelTests.TestAutoMapPropertySetPrimaryKeyConvention" executed="True" success="True" time="0.031" asserts="4" />
                          <test-case name="FluentNHibernate.Testing.AutoMap.Apm.AutoPersistenceModelTests.TestAutoMapsIds" executed="True" success="True" time="0.047" asserts="1" />
                          <test-case name="FluentNHibernate.Testing.AutoMap.Apm.AutoPersistenceModelTests.TestAutoMapsProperties" executed="True" success="True" time="0.031" asserts="1" />
                          <test-case name="FluentNHibernate.Testing.AutoMap.Apm.AutoPersistenceModelTests.TestClassIsMappedForConcreteSubClass" executed="True" success="True" time="0.047" asserts="3" />
                          <test-case name="FluentNHibernate.Testing.AutoMap.Apm.AutoPersistenceModelTests.TestClassIsMappedForConcreteSubClassWithSubclass" executed="True" success="True" time="0.031" asserts="3" />
                          <test-case name="FluentNHibernate.Testing.AutoMap.Apm.AutoPersistenceModelTests.TestDoNotAddJoinedSubclassesForConcreteBaseTypes" executed="True" success="True" time="0.047" asserts="1" />
                          <test-case name="FluentNHibernate.Testing.AutoMap.Apm.AutoPersistenceModelTests.TestDoNotAddSubclassesForConcreteBaseTypes" executed="True" success="True" time="0.031" asserts="1" />
                          <test-case name="FluentNHibernate.Testing.AutoMap.Apm.AutoPersistenceModelTests.TestInheritanceMapping" executed="True" success="True" time="0.016" asserts="0" />
                          <test-case name="FluentNHibernate.Testing.AutoMap.Apm.AutoPersistenceModelTests.TestInheritanceMappingDoesntIncludeBaseTypeProperties" executed="True" success="True" time="0.031" asserts="6" />
                          <test-case name="FluentNHibernate.Testing.AutoMap.Apm.AutoPersistenceModelTests.TestInheritanceMappingDoesntIncludeBaseTypePropertiesWithSubclass" executed="True" success="True" time="0.047" asserts="5" />
                          <test-case name="FluentNHibernate.Testing.AutoMap.Apm.AutoPersistenceModelTests.TestInheritanceMappingProperties" executed="True" success="True" time="0.031" asserts="1" />
                          <test-case name="FluentNHibernate.Testing.AutoMap.Apm.AutoPersistenceModelTests.TestInheritanceMappingSkipsSuperTypes" executed="True" success="True" time="0.078" asserts="0" />
                          <test-case name="FluentNHibernate.Testing.AutoMap.Apm.AutoPersistenceModelTests.TestInheritanceOverridingMappingProperties" executed="True" success="True" time="0.047" asserts="6" />
                          <test-case name="FluentNHibernate.Testing.AutoMap.Apm.AutoPersistenceModelTests.TestInheritanceSubclassMapping" executed="True" success="True" time="0.000" asserts="0" />
                          <test-case name="FluentNHibernate.Testing.AutoMap.Apm.AutoPersistenceModelTests.TestInheritanceSubclassMappingProperties" executed="True" success="True" time="0.031" asserts="1" />
                          <test-case name="FluentNHibernate.Testing.AutoMap.Apm.AutoPersistenceModelTests.TestInheritanceSubclassMappingSkipsSuperTypes" executed="True" success="True" time="0.016" asserts="0" />
                          <test-case name="FluentNHibernate.Testing.AutoMap.Apm.AutoPersistenceModelTests.TestInheritanceSubclassOverridingMappingProperties" executed="True" success="True" time="0.047" asserts="5" />
                          <test-case name="FluentNHibernate.Testing.AutoMap.Apm.AutoPersistenceModelTests.TypeConventionShouldForcePropertyToBeMapped" executed="True" success="True" time="0.078" asserts="2" />
                        </results>
                      </test-suite>
                    </results>
                  </test-suite>
                  <test-suite name="AutoMapManyToOneTester" executed="True" success="True" time="0.000" asserts="0">
                    <results>
                      <test-case name="FluentNHibernate.Testing.AutoMap.AutoMapManyToOneTester.ShouldMapEntities" executed="True" success="True" time="0.000" asserts="1" />
                      <test-case name="FluentNHibernate.Testing.AutoMap.AutoMapManyToOneTester.ShouldntMapLists" executed="True" success="True" time="0.000" asserts="1" />
                      <test-case name="FluentNHibernate.Testing.AutoMap.AutoMapManyToOneTester.ShouldntMapSets" executed="True" success="True" time="0.000" asserts="1" />
                      <test-case name="FluentNHibernate.Testing.AutoMap.AutoMapManyToOneTester.ShouldntMapValueTypes" executed="True" success="True" time="0.000" asserts="3" />
                    </results>
                  </test-suite>
                  <test-suite name="AutoMapOneToManyTester" executed="True" success="True" time="0.000" asserts="0">
                    <results>
                      <test-case name="FluentNHibernate.Testing.AutoMap.AutoMapOneToManyTester.ShouldMapLists" executed="True" success="True" time="0.000" asserts="1" />
                      <test-case name="FluentNHibernate.Testing.AutoMap.AutoMapOneToManyTester.ShouldMapSets" executed="True" success="True" time="0.000" asserts="1" />
                      <test-case name="FluentNHibernate.Testing.AutoMap.AutoMapOneToManyTester.ShouldntMapEntities" executed="True" success="True" time="0.000" asserts="1" />
                      <test-case name="FluentNHibernate.Testing.AutoMap.AutoMapOneToManyTester.ShouldntMapValueTypes" executed="True" success="True" time="0.000" asserts="3" />
                    </results>
                  </test-suite>
                  <test-suite name="AutoMapTests" executed="True" success="True" time="0.125" asserts="0">
                    <results>
                      <test-case name="FluentNHibernate.Testing.AutoMap.AutoMapTests.AutoMapDoesntSetCacheWithDefaultConvention" executed="True" success="True" time="0.000" asserts="1" />
                      <test-case name="FluentNHibernate.Testing.AutoMap.AutoMapTests.AutoMapIdentification" executed="True" success="True" time="0.016" asserts="4" />
                      <test-case name="FluentNHibernate.Testing.AutoMap.AutoMapTests.AutoMapIgnoreProperty" executed="True" success="True" time="0.000" asserts="1" />
                      <test-case name="FluentNHibernate.Testing.AutoMap.AutoMapTests.AutoMapManyToMany" executed="True" success="True" time="0.016" asserts="2" />
                      <test-case name="FluentNHibernate.Testing.AutoMap.AutoMapTests.AutoMapManyToMany_ShouldRecognizeSet_BaseOnType" executed="True" success="True" time="0.000" asserts="1" />
                      <test-case name="FluentNHibernate.Testing.AutoMap.AutoMapTests.AutoMapManyToOne" executed="True" success="True" time="0.016" asserts="4" />
                      <test-case name="FluentNHibernate.Testing.AutoMap.AutoMapTests.AutoMapOneToMany" executed="True" success="True" time="0.000" asserts="1" />
                      <test-case name="FluentNHibernate.Testing.AutoMap.AutoMapTests.AutoMapProperty" executed="True" success="True" time="0.000" asserts="2" />
                      <test-case name="FluentNHibernate.Testing.AutoMap.AutoMapTests.AutoMapSetsCacheOnClassUsingConvention" executed="True" success="True" time="0.016" asserts="1" />
                      <test-case name="FluentNHibernate.Testing.AutoMap.AutoMapTests.AutoMapVersion" executed="True" success="True" time="0.000" asserts="4" />
                      <test-case name="FluentNHibernate.Testing.AutoMap.AutoMapTests.ShouldAutoMapBitmapPropertyAsColumn" executed="True" success="True" time="0.016" asserts="2" />
                      <test-case name="FluentNHibernate.Testing.AutoMap.AutoMapTests.ShouldAutoMapEnums" executed="True" success="True" time="0.047" asserts="1" />
                    </results>
                  </test-suite>
                  <test-suite name="JoinedSubclassConventionTests" executed="True" success="True" time="0.031" asserts="0">
                    <results>
                      <test-case name="FluentNHibernate.Testing.AutoMap.JoinedSubclassConventionTests.DefaultConventionsAreAppliedToJoinedSubClasses" executed="True" success="True" time="0.031" asserts="2" />
                    </results>
                  </test-suite>
                  <test-suite name="ManyToManyAutomapperTester" executed="True" success="True" time="0.000" asserts="0">
                    <results>
                      <test-case name="FluentNHibernate.Testing.AutoMap.ManyToManyAutomapperTester.CanMapManyToManyProperty" executed="True" success="True" time="0.000" asserts="1" />
                      <test-case name="FluentNHibernate.Testing.AutoMap.ManyToManyAutomapperTester.GetsTableName" executed="True" success="True" time="0.000" asserts="2" />
                    </results>
                  </test-suite>
                  <test-suite name="PrivateAutoMappingTester" executed="True" success="True" time="0.016" asserts="0">
                    <results>
                      <test-case name="FluentNHibernate.Testing.AutoMap.PrivateAutoMappingTester.CanMapPrivateCollection" executed="True" success="True" time="0.016" asserts="1" />
                      <test-case name="FluentNHibernate.Testing.AutoMap.PrivateAutoMappingTester.DoNotMapPrivatePropertiesThatDoNotMatchConvention" executed="True" success="True" time="0.000" asserts="1" />
                      <test-case name="FluentNHibernate.Testing.AutoMap.PrivateAutoMappingTester.WillMapPrivatePropertyMatchingTheConvention" executed="True" success="True" time="0.000" asserts="1" />
                    </results>
                  </test-suite>
                  <test-suite name="VersionTests" executed="True" success="True" time="0.016" asserts="0">
                    <results>
                      <test-case name="FluentNHibernate.Testing.AutoMap.VersionTests.PropertyNamedTimestampMappedAsVersion" executed="True" success="True" time="0.000" asserts="4" />
                      <test-case name="FluentNHibernate.Testing.AutoMap.VersionTests.PropertyNamedTimestampWithInvalidTypeNotMappedAsVersion" executed="True" success="True" time="0.000" asserts="1" />
                      <test-case name="FluentNHibernate.Testing.AutoMap.VersionTests.PropertyNamedVersionMappedAsVersion" executed="True" success="True" time="0.000" asserts="4" />
                      <test-case name="FluentNHibernate.Testing.AutoMap.VersionTests.PropertyNamedVersionWithInvalidTypeNotMappedAsVersion" executed="True" success="True" time="0.016" asserts="1" />
                    </results>
                  </test-suite>
                </results>
              </test-suite>
              <test-suite name="Cfg" executed="True" success="False" time="1.750" asserts="0">
                <results>
                  <test-suite name="Db" executed="True" success="False" time="0.813" asserts="0">
                    <results>
                      <test-suite name="CacheSettingsBuilderTester" executed="True" success="True" time="0.000" asserts="0">
                        <results>
                          <test-case name="FluentNHibernate.Testing.Cfg.Db.CacheSettingsBuilderTester.CanNotUseMinimalPuts" executed="True" success="True" time="0.000" asserts="2" />
                          <test-case name="FluentNHibernate.Testing.Cfg.Db.CacheSettingsBuilderTester.CanNotUseQueryCache" executed="True" success="True" time="0.000" asserts="2" />
                          <test-case name="FluentNHibernate.Testing.Cfg.Db.CacheSettingsBuilderTester.CanSetProviderClass" executed="True" success="True" time="0.000" asserts="2" />
                          <test-case name="FluentNHibernate.Testing.Cfg.Db.CacheSettingsBuilderTester.CanSetProviderGenerically" executed="True" success="True" time="0.000" asserts="2" />
                          <test-case name="FluentNHibernate.Testing.Cfg.Db.CacheSettingsBuilderTester.CanSetQueryCacheFactory" executed="True" success="True" time="0.000" asserts="2" />
                          <test-case name="FluentNHibernate.Testing.Cfg.Db.CacheSettingsBuilderTester.CanSetQueryCacheFactoryGenerically" executed="True" success="True" time="0.000" asserts="2" />
                          <test-case name="FluentNHibernate.Testing.Cfg.Db.CacheSettingsBuilderTester.CanSetRegionPrefix" executed="True" success="True" time="0.000" asserts="2" />
                          <test-case name="FluentNHibernate.Testing.Cfg.Db.CacheSettingsBuilderTester.CanSetThemAll" executed="True" success="True" time="0.000" asserts="10" />
                          <test-case name="FluentNHibernate.Testing.Cfg.Db.CacheSettingsBuilderTester.CanUseMinimalPuts" executed="True" success="True" time="0.000" asserts="2" />
                          <test-case name="FluentNHibernate.Testing.Cfg.Db.CacheSettingsBuilderTester.CanUseQueryCache" executed="True" success="True" time="0.000" asserts="2" />
                        </results>
                      </test-suite>
                      <test-suite name="ConnectionStringBuilderTester" executed="True" success="True" time="0.000" asserts="0">
                        <results>
                          <test-case name="FluentNHibernate.Testing.Cfg.Db.ConnectionStringBuilderTester.CanExplicitlySetConnectionString" executed="True" success="True" time="0.000" asserts="1" />
                          <test-case name="FluentNHibernate.Testing.Cfg.Db.ConnectionStringBuilderTester.ConnectionStringSetFromAppSetting" executed="True" success="True" time="0.000" asserts="1" />
                          <test-case name="FluentNHibernate.Testing.Cfg.Db.ConnectionStringBuilderTester.ConnectionStringSetFromConnectionStrings" executed="True" success="True" time="0.000" asserts="1" />
                        </results>
                      </test-suite>
                      <test-suite name="FirebirdConfigurationTester" executed="True" success="True" time="0.000" asserts="0">
                        <results>
                          <test-case name="FluentNHibernate.Testing.Cfg.Db.FirebirdConfigurationTester.should_default_to_use_outer_joins" executed="True" success="True" time="0.000" asserts="1" />
                          <test-case name="FluentNHibernate.Testing.Cfg.Db.FirebirdConfigurationTester.should_set_up_default_query_substitutions" executed="True" success="True" time="0.000" asserts="1" />
                          <test-case name="FluentNHibernate.Testing.Cfg.Db.FirebirdConfigurationTester.should_setup_connection_timout" executed="True" success="True" time="0.000" asserts="1" />
                          <test-case name="FluentNHibernate.Testing.Cfg.Db.FirebirdConfigurationTester.should_use_ReadCommitted_as_the_default_isolation_level" executed="True" success="True" time="0.000" asserts="1" />
                          <test-case name="FluentNHibernate.Testing.Cfg.Db.FirebirdConfigurationTester.ShouldBeAbleToSpecifyConnectionStringDirectly" executed="True" success="True" time="0.000" asserts="1" />
                        </results>
                      </test-suite>
                      <test-suite name="JetDriverConfigurationTester" executed="True" success="True" time="0.016" asserts="0">
                        <results>
                          <test-case name="FluentNHibernate.Testing.Cfg.Db.JetDriverConfigurationTester.ConnectionString_is_added_to_the_configuration" executed="True" success="True" time="0.016" asserts="1" />
                          <test-case name="FluentNHibernate.Testing.Cfg.Db.JetDriverConfigurationTester.ConnectionString_with_explicit_provider_is_added_to_the_configuration" executed="True" success="True" time="0.000" asserts="1" />
                          <test-case name="FluentNHibernate.Testing.Cfg.Db.JetDriverConfigurationTester.ConnectionStringSetExplicitly" executed="True" success="True" time="0.000" asserts="2" />
                          <test-case name="FluentNHibernate.Testing.Cfg.Db.JetDriverConfigurationTester.ConnectionStringSetFromAppSetting" executed="True" success="True" time="0.000" asserts="2" />
                          <test-case name="FluentNHibernate.Testing.Cfg.Db.JetDriverConfigurationTester.ConnectionStringSetFromConnectionStrings" executed="True" success="True" time="0.000" asserts="2" />
                          <test-case name="FluentNHibernate.Testing.Cfg.Db.JetDriverConfigurationTester.Jet_dialect_set_by_default" executed="True" success="True" time="0.000" asserts="1" />
                          <test-case name="FluentNHibernate.Testing.Cfg.Db.JetDriverConfigurationTester.Jet_driver_set_by_default" executed="True" success="True" time="0.000" asserts="1" />
                          <test-case name="FluentNHibernate.Testing.Cfg.Db.JetDriverConfigurationTester.ShouldBeAbleToSpecifyConnectionStringDirectly" executed="True" success="True" time="0.000" asserts="2" />
                        </results>
                      </test-suite>
                      <test-suite name="MsSqlCeConfigurationTester" executed="True" success="True" time="0.000" asserts="0">
                        <results>
                          <test-case name="FluentNHibernate.Testing.Cfg.Db.MsSqlCeConfigurationTester.MsSqlCe_should_default_to_the_MsSqlCe_dialect" executed="True" success="True" time="0.000" asserts="1" />
                          <test-case name="FluentNHibernate.Testing.Cfg.Db.MsSqlCeConfigurationTester.ShouldBeAbleToSpecifyConnectionStringDirectly" executed="True" success="True" time="0.000" asserts="2" />
                        </results>
                      </test-suite>
                      <test-suite name="MsSqlConfigurationTester" executed="True" success="True" time="0.750" asserts="0">
                        <results>
                          <test-case name="FluentNHibernate.Testing.Cfg.Db.MsSqlConfigurationTester.ConnectionString_for_trustedConnection_is_added_to_the_configuration" executed="True" success="True" time="0.750" asserts="2" />
                          <test-case name="FluentNHibernate.Testing.Cfg.Db.MsSqlConfigurationTester.ConnectionString_is_added_to_the_configuration" executed="True" success="True" time="0.000" asserts="2" />
                          <test-case name="FluentNHibernate.Testing.Cfg.Db.MsSqlConfigurationTester.ConnectionStringSetExplicitly" executed="True" success="True" time="0.000" asserts="2" />
                          <test-case name="FluentNHibernate.Testing.Cfg.Db.MsSqlConfigurationTester.ConnectionStringSetFromAppSetting" executed="True" success="True" time="0.000" asserts="2" />
                          <test-case name="FluentNHibernate.Testing.Cfg.Db.MsSqlConfigurationTester.ConnectionStringSetFromConnectionStrings" executed="True" success="True" time="0.000" asserts="2" />
                          <test-case name="FluentNHibernate.Testing.Cfg.Db.MsSqlConfigurationTester.MsSql_driver_should_default_to_the_SqlClientDriver" executed="True" success="True" time="0.000" asserts="2" />
                          <test-case name="FluentNHibernate.Testing.Cfg.Db.MsSqlConfigurationTester.MsSql2000_should_default_to_the_Sql2000_dialect" executed="True" success="True" time="0.000" asserts="2" />
                          <test-case name="FluentNHibernate.Testing.Cfg.Db.MsSqlConfigurationTester.MsSql2005_should_default_to_the_Sql2005_dialect" executed="True" success="True" time="0.000" asserts="2" />
                          <test-case name="FluentNHibernate.Testing.Cfg.Db.MsSqlConfigurationTester.MsSql7_should_default_to_the_Sql7_dialect" executed="True" success="True" time="0.000" asserts="2" />
                          <test-case name="FluentNHibernate.Testing.Cfg.Db.MsSqlConfigurationTester.ShouldBeAbleToSpecifyConnectionStringDirectly" executed="True" success="True" time="0.000" asserts="2" />
                        </results>
                      </test-suite>
                      <test-suite name="OracleClientConfigurationTester" executed="True" success="False" time="0.031" asserts="0">
                        <results>
                          <test-case name="FluentNHibernate.Testing.Cfg.Db.OracleClientConfigurationTester.ConnectionString_is_added_to_the_configuration" executed="True" success="True" time="0.000" asserts="2" />
                          <test-case name="FluentNHibernate.Testing.Cfg.Db.OracleClientConfigurationTester.ConnectionString_other_options_are_enabled_and_parsed_when_set" executed="True" success="True" time="0.000" asserts="2" />
                          <test-case name="FluentNHibernate.Testing.Cfg.Db.OracleClientConfigurationTester.ConnectionString_pooling_is_enabled_when_set" executed="True" success="True" time="0.000" asserts="2" />
                          <test-case name="FluentNHibernate.Testing.Cfg.Db.OracleClientConfigurationTester.ConnectionString_set_explicitly" executed="True" success="True" time="0.000" asserts="2" />
                          <test-case name="FluentNHibernate.Testing.Cfg.Db.OracleClientConfigurationTester.ConnectionString_set_fromAppSetting" executed="True" success="True" time="0.000" asserts="2" />
                          <test-case name="FluentNHibernate.Testing.Cfg.Db.OracleClientConfigurationTester.ConnectionString_set_fromConnectionStrings" executed="True" success="True" time="0.000" asserts="2" />
                          <test-case name="FluentNHibernate.Testing.Cfg.Db.OracleClientConfigurationTester.Oracle9_should_default_to_the_Oracle9_dialect" executed="True" success="False" time="0.016" asserts="4">
                            <failure>
                              <message><![CDATA[  Expected string length 115 but was 116. Strings differ at index 26.
  Expected: "NHibernate.Dialect.Oracle9Dialect, NHibernate, Version=2.1.0...."
  But was:  "NHibernate.Dialect.Oracle9iDialect, NHibernate, Version=2.1.0..."
  -------------------------------------^
]]></message>
                              <stack-trace><![CDATA[at FluentNHibernate.Testing.SpecificationExtensions.ShouldContain[KEY,VALUE](IDictionary`2 actual, KEY key, VALUE value) in c:\Documents and Settings\Administrator\dev\fluent-nhibernate\src\FluentNHibernate.Testing\SpecificationExtensions.cs:line 109
at FluentNHibernate.Testing.Cfg.Db.OracleClientConfigurationTester.Oracle9_should_default_to_the_Oracle9_dialect() in c:\Documents and Settings\Administrator\dev\fluent-nhibernate\src\FluentNHibernate.Testing\Cfg\Db\OracleClientConfigurationTester.cs:line 14
]]></stack-trace>
                            </failure>
                          </test-case>
                          <test-case name="FluentNHibernate.Testing.Cfg.Db.OracleClientConfigurationTester.ShouldBeAbleToSpecifyConnectionStringDirectly" executed="True" success="True" time="0.000" asserts="2" />
                        </results>
                      </test-suite>
                      <test-suite name="OracleDataClientConfigurationTester" executed="True" success="False" time="0.016" asserts="0">
                        <results>
                          <test-case name="FluentNHibernate.Testing.Cfg.Db.OracleDataClientConfigurationTester.ConnectionString_is_added_to_the_configuration" executed="True" success="True" time="0.000" asserts="2" />
                          <test-case name="FluentNHibernate.Testing.Cfg.Db.OracleDataClientConfigurationTester.ConnectionString_other_options_are_enabled_and_parsed_when_set" executed="True" success="True" time="0.000" asserts="2" />
                          <test-case name="FluentNHibernate.Testing.Cfg.Db.OracleDataClientConfigurationTester.ConnectionString_pooling_is_enabled_when_set" executed="True" success="True" time="0.000" asserts="2" />
                          <test-case name="FluentNHibernate.Testing.Cfg.Db.OracleDataClientConfigurationTester.ConnectionString_set_explicitly" executed="True" success="True" time="0.000" asserts="2" />
                          <test-case name="FluentNHibernate.Testing.Cfg.Db.OracleDataClientConfigurationTester.ConnectionString_set_fromAppSetting" executed="True" success="True" time="0.000" asserts="2" />
                          <test-case name="FluentNHibernate.Testing.Cfg.Db.OracleDataClientConfigurationTester.ConnectionString_set_fromConnectionStrings" executed="True" success="True" time="0.016" asserts="2" />
                          <test-case name="FluentNHibernate.Testing.Cfg.Db.OracleDataClientConfigurationTester.Oracle9_should_default_to_the_Oracle9_dialect" executed="True" success="False" time="0.000" asserts="4">
                            <failure>
                              <message><![CDATA[  Expected string length 115 but was 116. Strings differ at index 26.
  Expected: "NHibernate.Dialect.Oracle9Dialect, NHibernate, Version=2.1.0...."
  But was:  "NHibernate.Dialect.Oracle9iDialect, NHibernate, Version=2.1.0..."
  -------------------------------------^
]]></message>
                              <stack-trace><![CDATA[at FluentNHibernate.Testing.SpecificationExtensions.ShouldContain[KEY,VALUE](IDictionary`2 actual, KEY key, VALUE value) in c:\Documents and Settings\Administrator\dev\fluent-nhibernate\src\FluentNHibernate.Testing\SpecificationExtensions.cs:line 109
at FluentNHibernate.Testing.Cfg.Db.OracleDataClientConfigurationTester.Oracle9_should_default_to_the_Oracle9_dialect() in c:\Documents and Settings\Administrator\dev\fluent-nhibernate\src\FluentNHibernate.Testing\Cfg\Db\OracleDataClientConfigurationTester.cs:line 14
]]></stack-trace>
                            </failure>
                          </test-case>
                          <test-case name="FluentNHibernate.Testing.Cfg.Db.OracleDataClientConfigurationTester.ShouldBeAbleToSpecifyConnectionStringDirectly" executed="True" success="True" time="0.000" asserts="2" />
                        </results>
                      </test-suite>
                      <test-suite name="PersistenceConfigurationTester" executed="True" success="True" time="0.000" asserts="0">
                        <results>
                          <test-case name="FluentNHibernate.Testing.Cfg.Db.PersistenceConfigurationTester.AdoNetBatchSize_should_set_property_value" executed="True" success="True" time="0.000" asserts="1" />
                          <test-case name="FluentNHibernate.Testing.Cfg.Db.PersistenceConfigurationTester.Default_Schema_should_be_set_to_schema_name" executed="True" success="True" time="0.000" asserts="1" />
                          <test-case name="FluentNHibernate.Testing.Cfg.Db.PersistenceConfigurationTester.Dialect_should_set_both_old_and_new_dialect_keys" executed="True" success="True" time="0.000" asserts="2" />
                          <test-case name="FluentNHibernate.Testing.Cfg.Db.PersistenceConfigurationTester.DoNot_Should_only_affect_next_property" executed="True" success="True" time="0.000" asserts="2" />
                          <test-case name="FluentNHibernate.Testing.Cfg.Db.PersistenceConfigurationTester.DoNot_ShowSql_should_set_the_property_to_const_false" executed="True" success="True" time="0.000" asserts="1" />
                          <test-case name="FluentNHibernate.Testing.Cfg.Db.PersistenceConfigurationTester.DoNot_UseOuterJoin_should_set_the_property_to_const_false" executed="True" success="True" time="0.000" asserts="1" />
                          <test-case name="FluentNHibernate.Testing.Cfg.Db.PersistenceConfigurationTester.DoNot_UseReflectionOptimizer_should_set_the_property_to_const_false" executed="True" success="True" time="0.000" asserts="1" />
                          <test-case name="FluentNHibernate.Testing.Cfg.Db.PersistenceConfigurationTester.Max_Fetch_Depth_should_set_property_value" executed="True" success="True" time="0.000" asserts="1" />
                          <test-case name="FluentNHibernate.Testing.Cfg.Db.PersistenceConfigurationTester.Provider_Class_should_set_property_value" executed="True" success="True" time="0.000" asserts="1" />
                          <test-case name="FluentNHibernate.Testing.Cfg.Db.PersistenceConfigurationTester.Query_Cache_Factory_should_set_property_value" executed="True" success="True" time="0.000" asserts="1" />
                          <test-case name="FluentNHibernate.Testing.Cfg.Db.PersistenceConfigurationTester.Query_Substitutions_should_set_property_value" executed="True" success="True" time="0.000" asserts="1" />
                          <test-case name="FluentNHibernate.Testing.Cfg.Db.PersistenceConfigurationTester.Region_Prefix_should_set_property_value" executed="True" success="True" time="0.000" asserts="1" />
                          <test-case name="FluentNHibernate.Testing.Cfg.Db.PersistenceConfigurationTester.Repeated_DoNot_Calls" executed="True" success="True" time="0.000" asserts="2" />
                          <test-case name="FluentNHibernate.Testing.Cfg.Db.PersistenceConfigurationTester.Setting_raw_values_should_populate_dictionary" executed="True" success="True" time="0.000" asserts="1" />
                          <test-case name="FluentNHibernate.Testing.Cfg.Db.PersistenceConfigurationTester.Show_Sql_should_set_value_to_const_true" executed="True" success="True" time="0.000" asserts="1" />
                          <test-case name="FluentNHibernate.Testing.Cfg.Db.PersistenceConfigurationTester.Use_Minimal_Puts_should_set_value_to_const_true" executed="True" success="True" time="0.000" asserts="1" />
                          <test-case name="FluentNHibernate.Testing.Cfg.Db.PersistenceConfigurationTester.Use_Query_Cache_should_set_value_to_const_true" executed="True" success="True" time="0.000" asserts="1" />
                          <test-case name="FluentNHibernate.Testing.Cfg.Db.PersistenceConfigurationTester.Use_Reflection_Optimizer_should_set_value_to_const_true" executed="True" success="True" time="0.000" asserts="1" />
                          <test-case name="FluentNHibernate.Testing.Cfg.Db.PersistenceConfigurationTester.UseOuterJoin_should_set_value_to_const_true" executed="True" success="True" time="0.000" asserts="1" />
                        </results>
                      </test-suite>
                      <test-suite name="PostgreSQLConfigurationTester" executed="True" success="True" time="0.000" asserts="0">
                        <results>
                          <test-case name="FluentNHibernate.Testing.Cfg.Db.PostgreSQLConfigurationTester.ConnectionString_is_added_to_the_configuration" executed="True" success="True" time="0.000" asserts="1" />
                          <test-case name="FluentNHibernate.Testing.Cfg.Db.PostgreSQLConfigurationTester.ConnectionStringSetExplicitly" executed="True" success="True" time="0.000" asserts="2" />
                          <test-case name="FluentNHibernate.Testing.Cfg.Db.PostgreSQLConfigurationTester.ConnectionStringSetFromAppSetting" executed="True" success="True" time="0.000" asserts="2" />
                          <test-case name="FluentNHibernate.Testing.Cfg.Db.PostgreSQLConfigurationTester.ConnectionStringSetFromConnectionStrings" executed="True" success="True" time="0.000" asserts="2" />
                          <test-case name="FluentNHibernate.Testing.Cfg.Db.PostgreSQLConfigurationTester.PostgreSQL_81_should_set_the_correct_dialect" executed="True" success="True" time="0.000" asserts="1" />
                          <test-case name="FluentNHibernate.Testing.Cfg.Db.PostgreSQLConfigurationTester.PostgreSQL_82_should_set_the_correct_dialect" executed="True" success="True" time="0.000" asserts="1" />
                          <test-case name="FluentNHibernate.Testing.Cfg.Db.PostgreSQLConfigurationTester.PostgreSQL_driver_should_default_to_the_Npgsql_driver" executed="True" success="True" time="0.000" asserts="1" />
                          <test-case name="FluentNHibernate.Testing.Cfg.Db.PostgreSQLConfigurationTester.PostgreSQL_standard_should_set_the_correct_dialect" executed="True" success="True" time="0.000" asserts="1" />
                          <test-case name="FluentNHibernate.Testing.Cfg.Db.PostgreSQLConfigurationTester.ShouldBeAbleToSpecifyConnectionStringDirectly" executed="True" success="True" time="0.000" asserts="2" />
                        </results>
                      </test-suite>
                      <test-suite name="SQLiteConfigurationTester" executed="True" success="True" time="0.000" asserts="0">
                        <results>
                          <test-case name="FluentNHibernate.Testing.Cfg.Db.SQLiteConfigurationTester.in_memory_should_set_up_expected_connection_string" executed="True" success="True" time="0.000" asserts="1" />
                          <test-case name="FluentNHibernate.Testing.Cfg.Db.SQLiteConfigurationTester.should_set_up_default_query_substitutions" executed="True" success="True" time="0.000" asserts="1" />
                          <test-case name="FluentNHibernate.Testing.Cfg.Db.SQLiteConfigurationTester.using_file_should_set_up_expected_connection_string" executed="True" success="True" time="0.000" asserts="1" />
                        </results>
                      </test-suite>
                    </results>
                  </test-suite>
                  <test-suite name="FluentConfigurationWriteMappingsTests" executed="True" success="False" time="0.328" asserts="0">
                    <results>
                      <test-case name="FluentNHibernate.Testing.Cfg.FluentConfigurationWriteMappingsTests.DoesNotThrowWhenExportToIsBeforeBuildConfigurationOnCachePartMapping" executed="True" success="True" time="0.063" asserts="0" />
                      <test-case name="FluentNHibernate.Testing.Cfg.FluentConfigurationWriteMappingsTests.WritesAutoMappingsOut" executed="True" success="False" time="0.047" asserts="0">
                        <failure>
                          <message><![CDATA[FluentNHibernate.Cfg.FluentConfigurationException : An invalid or incomplete configuration was used while creating a SessionFactory. Check PotentialReasons collection, and InnerException for more detail.


  ----> NHibernate.Bytecode.ProxyFactoryFactoryNotConfiguredException : The ProxyFactoryFactory was not configured.
Initialize 'proxyfactory.factory_class' property of the session-factory configuration section with one of the available NHibernate.ByteCode providers.
Example:
<property name='proxyfactory.factory_class'>NHibernate.ByteCode.LinFu.ProxyFactoryFactory, NHibernate.ByteCode.LinFu</property>
Example:
<property name='proxyfactory.factory_class'>NHibernate.ByteCode.Castle.ProxyFactoryFactory, NHibernate.ByteCode.Castle</property>]]></message>
                          <stack-trace><![CDATA[at FluentNHibernate.Cfg.FluentConfiguration.BuildSessionFactory() in c:\Documents and Settings\Administrator\dev\fluent-nhibernate\src\FluentNHibernate\Cfg\FluentConfiguration.cs:line 98
at FluentNHibernate.Testing.Cfg.FluentConfigurationWriteMappingsTests.WritesAutoMappingsOut() in c:\Documents and Settings\Administrator\dev\fluent-nhibernate\src\FluentNHibernate.Testing\Cfg\FluentConfigurationTests.cs:line 260
--ProxyFactoryFactoryNotConfiguredException
at NHibernate.Bytecode.AbstractBytecodeProvider.get_ProxyFactoryFactory()
at NHibernate.Cfg.Configuration.Validate()
at NHibernate.Cfg.Configuration.BuildSessionFactory()
at FluentNHibernate.Cfg.FluentConfiguration.BuildSessionFactory() in c:\Documents and Settings\Administrator\dev\fluent-nhibernate\src\FluentNHibernate\Cfg\FluentConfiguration.cs:line 93
]]></stack-trace>
                        </failure>
                      </test-case>
                      <test-case name="FluentNHibernate.Testing.Cfg.FluentConfigurationWriteMappingsTests.WritesAutoMappingsOutMergedWhenFlagSet" executed="True" success="False" time="0.031" asserts="0">
                        <failure>
                          <message><![CDATA[FluentNHibernate.Cfg.FluentConfigurationException : An invalid or incomplete configuration was used while creating a SessionFactory. Check PotentialReasons collection, and InnerException for more detail.


  ----> NHibernate.Bytecode.ProxyFactoryFactoryNotConfiguredException : The ProxyFactoryFactory was not configured.
Initialize 'proxyfactory.factory_class' property of the session-factory configuration section with one of the available NHibernate.ByteCode providers.
Example:
<property name='proxyfactory.factory_class'>NHibernate.ByteCode.LinFu.ProxyFactoryFactory, NHibernate.ByteCode.LinFu</property>
Example:
<property name='proxyfactory.factory_class'>NHibernate.ByteCode.Castle.ProxyFactoryFactory, NHibernate.ByteCode.Castle</property>]]></message>
                          <stack-trace><![CDATA[at FluentNHibernate.Cfg.FluentConfiguration.BuildSessionFactory() in c:\Documents and Settings\Administrator\dev\fluent-nhibernate\src\FluentNHibernate\Cfg\FluentConfiguration.cs:line 98
at FluentNHibernate.Testing.Cfg.FluentConfigurationWriteMappingsTests.WritesAutoMappingsOutMergedWhenFlagSet() in c:\Documents and Settings\Administrator\dev\fluent-nhibernate\src\FluentNHibernate.Testing\Cfg\FluentConfigurationTests.cs:line 275
--ProxyFactoryFactoryNotConfiguredException
at NHibernate.Bytecode.AbstractBytecodeProvider.get_ProxyFactoryFactory()
at NHibernate.Cfg.Configuration.Validate()
at NHibernate.Cfg.Configuration.BuildSessionFactory()
at FluentNHibernate.Cfg.FluentConfiguration.BuildSessionFactory() in c:\Documents and Settings\Administrator\dev\fluent-nhibernate\src\FluentNHibernate\Cfg\FluentConfiguration.cs:line 93
]]></stack-trace>
                        </failure>
                      </test-case>
                      <test-case name="FluentNHibernate.Testing.Cfg.FluentConfigurationWriteMappingsTests.WritesBothOut" executed="True" success="False" time="0.063" asserts="0">
                        <failure>
                          <message><![CDATA[FluentNHibernate.Cfg.FluentConfigurationException : An invalid or incomplete configuration was used while creating a SessionFactory. Check PotentialReasons collection, and InnerException for more detail.


  ----> NHibernate.Bytecode.ProxyFactoryFactoryNotConfiguredException : The ProxyFactoryFactory was not configured.
Initialize 'proxyfactory.factory_class' property of the session-factory configuration section with one of the available NHibernate.ByteCode providers.
Example:
<property name='proxyfactory.factory_class'>NHibernate.ByteCode.LinFu.ProxyFactoryFactory, NHibernate.ByteCode.LinFu</property>
Example:
<property name='proxyfactory.factory_class'>NHibernate.ByteCode.Castle.ProxyFactoryFactory, NHibernate.ByteCode.Castle</property>]]></message>
                          <stack-trace><![CDATA[at FluentNHibernate.Cfg.FluentConfiguration.BuildSessionFactory() in c:\Documents and Settings\Administrator\dev\fluent-nhibernate\src\FluentNHibernate\Cfg\FluentConfiguration.cs:line 98
at FluentNHibernate.Testing.Cfg.FluentConfigurationWriteMappingsTests.WritesBothOut() in c:\Documents and Settings\Administrator\dev\fluent-nhibernate\src\FluentNHibernate.Testing\Cfg\FluentConfigurationTests.cs:line 291
--ProxyFactoryFactoryNotConfiguredException
at NHibernate.Bytecode.AbstractBytecodeProvider.get_ProxyFactoryFactory()
at NHibernate.Cfg.Configuration.Validate()
at NHibernate.Cfg.Configuration.BuildSessionFactory()
at FluentNHibernate.Cfg.FluentConfiguration.BuildSessionFactory() in c:\Documents and Settings\Administrator\dev\fluent-nhibernate\src\FluentNHibernate\Cfg\FluentConfiguration.cs:line 93
]]></stack-trace>
                        </failure>
                      </test-case>
                      <test-case name="FluentNHibernate.Testing.Cfg.FluentConfigurationWriteMappingsTests.WritesFluentMappingsOut" executed="True" success="True" time="0.063" asserts="1" />
                      <test-case name="FluentNHibernate.Testing.Cfg.FluentConfigurationWriteMappingsTests.WritesFluentMappingsOutMergedWhenFlagSet" executed="True" success="True" time="0.031" asserts="1" />
                    </results>
                  </test-suite>
                  <test-suite name="FluentlyTests" executed="True" success="True" time="0.000" asserts="0">
                    <results>
                      <test-case name="FluentNHibernate.Testing.Cfg.FluentlyTests.ConfigureCanAcceptExistingConfig" executed="True" success="True" time="0.000" asserts="1" />
                      <test-case name="FluentNHibernate.Testing.Cfg.FluentlyTests.ConfigureReturnsFluentConfiguration" executed="True" success="True" time="0.000" asserts="1" />
                      <test-case name="FluentNHibernate.Testing.Cfg.FluentlyTests.ConfigureReturnsNewInstance" executed="True" success="True" time="0.000" asserts="1" />
                    </results>
                  </test-suite>
                  <test-suite name="InvalidFluentConfigurationTests" executed="True" success="True" time="0.109" asserts="0">
                    <results>
                      <test-case name="FluentNHibernate.Testing.Cfg.InvalidFluentConfigurationTests.BuildSessionFactoryShouldThrowIfCalledBeforeAnythingSetup" executed="True" success="True" time="0.000" asserts="2" />
                      <test-case name="FluentNHibernate.Testing.Cfg.InvalidFluentConfigurationTests.ExceptionShouldContainDbIfDbNotSetup" executed="True" success="True" time="0.000" asserts="2" />
                      <test-case name="FluentNHibernate.Testing.Cfg.InvalidFluentConfigurationTests.ExceptionShouldContainMappingsIfMappingsNotSetup" executed="True" success="True" time="0.000" asserts="2" />
                      <test-case name="FluentNHibernate.Testing.Cfg.InvalidFluentConfigurationTests.ExceptionShouldntContainDbIfDbSetup" executed="True" success="True" time="0.000" asserts="2" />
                      <test-case name="FluentNHibernate.Testing.Cfg.InvalidFluentConfigurationTests.ExceptionShouldntContainMappingsIfMappingsSetup" executed="True" success="True" time="0.047" asserts="2" />
                      <test-case name="FluentNHibernate.Testing.Cfg.InvalidFluentConfigurationTests.InnerExceptionSet" executed="True" success="True" time="0.063" asserts="2" />
                    </results>
                  </test-suite>
                  <test-suite name="MappingConfigurationTests" executed="True" success="True" time="0.313" asserts="0">
                    <results>
                      <test-case name="FluentNHibernate.Testing.Cfg.MappingConfigurationTests.AddAutoMappingAddsAnyAutoMappedMappingsToCfg" executed="True" success="True" time="0.016" asserts="2" />
                      <test-case name="FluentNHibernate.Testing.Cfg.MappingConfigurationTests.AddAutoMappingAddsAnyAutoMappedMappingsToCfgWhenMerged" executed="True" success="True" time="0.016" asserts="2" />
                      <test-case name="FluentNHibernate.Testing.Cfg.MappingConfigurationTests.AddFromAssemblyAddsAnyClassMapMappingsToCfg" executed="True" success="True" time="0.047" asserts="2" />
                      <test-case name="FluentNHibernate.Testing.Cfg.MappingConfigurationTests.AddFromAssemblyAddsAnyClassMapMappingsToCfgWhenMerged" executed="True" success="True" time="0.031" asserts="2" />
                      <test-case name="FluentNHibernate.Testing.Cfg.MappingConfigurationTests.AddFromAssemblyOfAddsAnyClassMapMappingsToCfg" executed="True" success="True" time="0.047" asserts="2" />
                      <test-case name="FluentNHibernate.Testing.Cfg.MappingConfigurationTests.AddHbmMappingsAddsClasses" executed="True" success="True" time="0.016" asserts="3" />
                      <test-case name="FluentNHibernate.Testing.Cfg.MappingConfigurationTests.AddHbmMappingsFromAssemblyAddsClasses" executed="True" success="True" time="0.016" asserts="3" />
                      <test-case name="FluentNHibernate.Testing.Cfg.MappingConfigurationTests.AddHbmMappingsFromAssemblyOfAddsClasses" executed="True" success="True" time="0.016" asserts="3" />
                      <test-case name="FluentNHibernate.Testing.Cfg.MappingConfigurationTests.AlteringConventionsShouldAffectProducedClasses" executed="True" success="True" time="0.047" asserts="1" />
                      <test-case name="FluentNHibernate.Testing.Cfg.MappingConfigurationTests.CanAddMultipleConventions" executed="True" success="True" time="0.047" asserts="1" />
                      <test-case name="FluentNHibernate.Testing.Cfg.MappingConfigurationTests.MergeOutputShouldSetFlagOnAutoPersistenceModels" executed="True" success="True" time="0.000" asserts="1" />
                      <test-case name="FluentNHibernate.Testing.Cfg.MappingConfigurationTests.MergeOutputShouldSetFlagOnFluentPersistenceModelsOnApply" executed="True" success="True" time="0.000" asserts="1" />
                      <test-case name="FluentNHibernate.Testing.Cfg.MappingConfigurationTests.WasUsedIsFalseWhenNothingCalled" executed="True" success="True" time="0.000" asserts="1" />
                      <test-case name="FluentNHibernate.Testing.Cfg.MappingConfigurationTests.WasUsedIsTrueWhenAddAutoMappingsCalled" executed="True" success="True" time="0.000" asserts="1" />
                      <test-case name="FluentNHibernate.Testing.Cfg.MappingConfigurationTests.WasUsedIsTrueWhenAddFromAssemblyCalled" executed="True" success="True" time="0.000" asserts="1" />
                      <test-case name="FluentNHibernate.Testing.Cfg.MappingConfigurationTests.WasUsedIsTrueWhenAddFromAssemblyOfCalled" executed="True" success="True" time="0.000" asserts="1" />
                      <test-case name="FluentNHibernate.Testing.Cfg.MappingConfigurationTests.WasUsedIsTrueWhenAddHbmMappingsCalled" executed="True" success="True" time="0.000" asserts="1" />
                      <test-case name="FluentNHibernate.Testing.Cfg.MappingConfigurationTests.WasUsedIsTrueWhenAddHbmMappingsFromAssemblyCalled" executed="True" success="True" time="0.000" asserts="1" />
                      <test-case name="FluentNHibernate.Testing.Cfg.MappingConfigurationTests.WasUsedIsTrueWhenAddHbmMappingsFromAssemblyOfCalled" executed="True" success="True" time="0.000" asserts="1" />
                    </results>
                  </test-suite>
                  <test-suite name="MySQLConfigurationTester" executed="True" success="True" time="0.000" asserts="0">
                    <results>
                      <test-case name="FluentNHibernate.Testing.Cfg.MySQLConfigurationTester.ConnectionString_is_added_to_the_configuration" executed="True" success="True" time="0.000" asserts="1" />
                      <test-case name="FluentNHibernate.Testing.Cfg.MySQLConfigurationTester.ConnectionStringSetExplicitly" executed="True" success="True" time="0.000" asserts="2" />
                      <test-case name="FluentNHibernate.Testing.Cfg.MySQLConfigurationTester.ConnectionStringSetFromAppSetting" executed="True" success="True" time="0.000" asserts="2" />
                      <test-case name="FluentNHibernate.Testing.Cfg.MySQLConfigurationTester.ConnectionStringSetFromConnectionStrings" executed="True" success="True" time="0.000" asserts="2" />
                      <test-case name="FluentNHibernate.Testing.Cfg.MySQLConfigurationTester.MySQL_driver_should_default_to_the_MySQL_ClientDriver" executed="True" success="True" time="0.000" asserts="1" />
                      <test-case name="FluentNHibernate.Testing.Cfg.MySQLConfigurationTester.MySQL_should_default_to_the_MySQL_dialect" executed="True" success="True" time="0.000" asserts="1" />
                      <test-case name="FluentNHibernate.Testing.Cfg.MySQLConfigurationTester.ShouldBeAbleToSpecifyConnectionStringDirectly" executed="True" success="True" time="0.000" asserts="2" />
                    </results>
                  </test-suite>
                  <test-suite name="ValidFluentConfigurationTests" executed="True" success="False" time="0.188" asserts="0">
                    <results>
                      <test-case name="FluentNHibernate.Testing.Cfg.ValidFluentConfigurationTests.DatabaseSetsPropertiesOnCfg" executed="True" success="True" time="0.000" asserts="0" />
                      <test-case name="FluentNHibernate.Testing.Cfg.ValidFluentConfigurationTests.ExposeConfigurationCanBeCalledMultipleTimesWithDifferentBodies" executed="True" success="False" time="0.016" asserts="0">
                        <failure>
                          <message><![CDATA[FluentNHibernate.Cfg.FluentConfigurationException : An invalid or incomplete configuration was used while creating a SessionFactory. Check PotentialReasons collection, and InnerException for more detail.

  * No mappings were configured through the Mappings method.

  ----> NHibernate.Bytecode.ProxyFactoryFactoryNotConfiguredException : The ProxyFactoryFactory was not configured.
Initialize 'proxyfactory.factory_class' property of the session-factory configuration section with one of the available NHibernate.ByteCode providers.
Example:
<property name='proxyfactory.factory_class'>NHibernate.ByteCode.LinFu.ProxyFactoryFactory, NHibernate.ByteCode.LinFu</property>
Example:
<property name='proxyfactory.factory_class'>NHibernate.ByteCode.Castle.ProxyFactoryFactory, NHibernate.ByteCode.Castle</property>]]></message>
                          <stack-trace><![CDATA[at FluentNHibernate.Cfg.FluentConfiguration.BuildSessionFactory() in c:\Documents and Settings\Administrator\dev\fluent-nhibernate\src\FluentNHibernate\Cfg\FluentConfiguration.cs:line 98
at FluentNHibernate.Testing.Cfg.ValidFluentConfigurationTests.ExposeConfigurationCanBeCalledMultipleTimesWithDifferentBodies() in c:\Documents and Settings\Administrator\dev\fluent-nhibernate\src\FluentNHibernate.Testing\Cfg\FluentConfigurationTests.cs:line 43
--ProxyFactoryFactoryNotConfiguredException
at NHibernate.Bytecode.AbstractBytecodeProvider.get_ProxyFactoryFactory()
at NHibernate.Cfg.Configuration.Validate()
at NHibernate.Cfg.Configuration.BuildSessionFactory()
at FluentNHibernate.Cfg.FluentConfiguration.BuildSessionFactory() in c:\Documents and Settings\Administrator\dev\fluent-nhibernate\src\FluentNHibernate\Cfg\FluentConfiguration.cs:line 93
]]></stack-trace>
                        </failure>
                      </test-case>
                      <test-case name="FluentNHibernate.Testing.Cfg.ValidFluentConfigurationTests.ExposeConfigurationGetsConfigAfterMappingsHaveBeenApplied" executed="True" success="True" time="0.000" asserts="0" />
                      <test-case name="FluentNHibernate.Testing.Cfg.ValidFluentConfigurationTests.ExposeConfigurationHasSameCfgInstanceAsPassedInThroughConstructor" executed="True" success="True" time="0.000" asserts="0" />
                      <test-case name="FluentNHibernate.Testing.Cfg.ValidFluentConfigurationTests.ExposeConfigurationPassesCfgInstanceIntoAction" executed="True" success="True" time="0.000" asserts="0" />
                      <test-case name="FluentNHibernate.Testing.Cfg.ValidFluentConfigurationTests.MappingsCanBeMixedAndDontConflict" executed="True" success="False" time="0.063" asserts="0">
                        <failure>
                          <message><![CDATA[FluentNHibernate.Cfg.FluentConfigurationException : An invalid or incomplete configuration was used while creating a SessionFactory. Check PotentialReasons collection, and InnerException for more detail.


  ----> NHibernate.Bytecode.ProxyFactoryFactoryNotConfiguredException : The ProxyFactoryFactory was not configured.
Initialize 'proxyfactory.factory_class' property of the session-factory configuration section with one of the available NHibernate.ByteCode providers.
Example:
<property name='proxyfactory.factory_class'>NHibernate.ByteCode.LinFu.ProxyFactoryFactory, NHibernate.ByteCode.LinFu</property>
Example:
<property name='proxyfactory.factory_class'>NHibernate.ByteCode.Castle.ProxyFactoryFactory, NHibernate.ByteCode.Castle</property>]]></message>
                          <stack-trace><![CDATA[at FluentNHibernate.Cfg.FluentConfiguration.BuildSessionFactory() in c:\Documents and Settings\Administrator\dev\fluent-nhibernate\src\FluentNHibernate\Cfg\FluentConfiguration.cs:line 98
at FluentNHibernate.Testing.Cfg.ValidFluentConfigurationTests.MappingsCanBeMixedAndDontConflict() in c:\Documents and Settings\Administrator\dev\fluent-nhibernate\src\FluentNHibernate.Testing\Cfg\FluentConfigurationTests.cs:line 91
--ProxyFactoryFactoryNotConfiguredException
at NHibernate.Bytecode.AbstractBytecodeProvider.get_ProxyFactoryFactory()
at NHibernate.Cfg.Configuration.Validate()
at NHibernate.Cfg.Configuration.BuildSessionFactory()
at FluentNHibernate.Cfg.FluentConfiguration.BuildSessionFactory() in c:\Documents and Settings\Administrator\dev\fluent-nhibernate\src\FluentNHibernate\Cfg\FluentConfiguration.cs:line 93
]]></stack-trace>
                        </failure>
                      </test-case>
                      <test-case name="FluentNHibernate.Testing.Cfg.ValidFluentConfigurationTests.MappingsShouldPassInstanceOfMappingConfigurationToAction" executed="True" success="True" time="0.000" asserts="2" />
                      <test-case name="FluentNHibernate.Testing.Cfg.ValidFluentConfigurationTests.ShouldGetAConfigurationIfEverythingIsOK" executed="True" success="True" time="0.063" asserts="1" />
                      <test-case name="FluentNHibernate.Testing.Cfg.ValidFluentConfigurationTests.ShouldGetASessionFactoryIfEverythingIsOK" executed="True" success="False" time="0.047" asserts="0">
                        <failure>
                          <message><![CDATA[FluentNHibernate.Cfg.FluentConfigurationException : An invalid or incomplete configuration was used while creating a SessionFactory. Check PotentialReasons collection, and InnerException for more detail.


  ----> NHibernate.Bytecode.ProxyFactoryFactoryNotConfiguredException : The ProxyFactoryFactory was not configured.
Initialize 'proxyfactory.factory_class' property of the session-factory configuration section with one of the available NHibernate.ByteCode providers.
Example:
<property name='proxyfactory.factory_class'>NHibernate.ByteCode.LinFu.ProxyFactoryFactory, NHibernate.ByteCode.LinFu</property>
Example:
<property name='proxyfactory.factory_class'>NHibernate.ByteCode.Castle.ProxyFactoryFactory, NHibernate.ByteCode.Castle</property>]]></message>
                          <stack-trace><![CDATA[at FluentNHibernate.Cfg.FluentConfiguration.BuildSessionFactory() in c:\Documents and Settings\Administrator\dev\fluent-nhibernate\src\FluentNHibernate\Cfg\FluentConfiguration.cs:line 98
at FluentNHibernate.Testing.Cfg.ValidFluentConfigurationTests.ShouldGetASessionFactoryIfEverythingIsOK() in c:\Documents and Settings\Administrator\dev\fluent-nhibernate\src\FluentNHibernate.Testing\Cfg\FluentConfigurationTests.cs:line 108
--ProxyFactoryFactoryNotConfiguredException
at NHibernate.Bytecode.AbstractBytecodeProvider.get_ProxyFactoryFactory()
at NHibernate.Cfg.Configuration.Validate()
at NHibernate.Cfg.Configuration.BuildSessionFactory()
at FluentNHibernate.Cfg.FluentConfiguration.BuildSessionFactory() in c:\Documents and Settings\Administrator\dev\fluent-nhibernate\src\FluentNHibernate\Cfg\FluentConfiguration.cs:line 93
]]></stack-trace>
                        </failure>
                      </test-case>
                    </results>
                  </test-suite>
                </results>
              </test-suite>
              <test-suite name="ConventionFinderTests" executed="True" success="True" time="0.016" asserts="0">
                <results>
                  <test-suite name="AddingTypeTests" executed="True" success="True" time="0.000" asserts="0">
                    <results>
                      <test-case name="FluentNHibernate.Testing.ConventionFinderTests.AddingTypeTests.AddingAssemblyShouldntThrowIfNoIConventionFinderConstructor" executed="True" success="True" time="0.000" asserts="1" />
                      <test-case name="FluentNHibernate.Testing.ConventionFinderTests.AddingTypeTests.AddingSingleShouldntThrowIfHasIConventionFinderConstructor" executed="True" success="True" time="0.000" asserts="1" />
                      <test-case name="FluentNHibernate.Testing.ConventionFinderTests.AddingTypeTests.AddingSingleShouldntThrowIfHasParameterlessConstructor" executed="True" success="True" time="0.000" asserts="1" />
                      <test-case name="FluentNHibernate.Testing.ConventionFinderTests.AddingTypeTests.AddingSingleShouldThrowIfNoIConventionFinderConstructor" executed="True" success="True" time="0.000" asserts="2" />
                      <test-case name="FluentNHibernate.Testing.ConventionFinderTests.AddingTypeTests.AddingSingleShouldThrowIfNoParameterlessConstructor" executed="True" success="True" time="0.000" asserts="2" />
                    </results>
                  </test-suite>
                  <test-suite name="FindTests" executed="True" success="True" time="0.016" asserts="0">
                    <results>
                      <test-case name="FluentNHibernate.Testing.ConventionFinderTests.FindTests.ShouldAllowAddingInstanceMultipleTimesIfHasMultipleAttribute" executed="True" success="True" time="0.000" asserts="1" />
                      <test-case name="FluentNHibernate.Testing.ConventionFinderTests.FindTests.ShouldFindNothingWhenNoAssembliesGiven" executed="True" success="True" time="0.000" asserts="1" />
                      <test-case name="FluentNHibernate.Testing.ConventionFinderTests.FindTests.ShouldFindTypesFromAssembly" executed="True" success="True" time="0.000" asserts="1" />
                      <test-case name="FluentNHibernate.Testing.ConventionFinderTests.FindTests.ShouldFindTypesThatHaveConstructorNeedingFinder" executed="True" success="True" time="0.000" asserts="1" />
                      <test-case name="FluentNHibernate.Testing.ConventionFinderTests.FindTests.ShouldntFindGenericTypes" executed="True" success="True" time="0.000" asserts="5" />
                      <test-case name="FluentNHibernate.Testing.ConventionFinderTests.FindTests.ShouldOnlyAddInstanceOnce" executed="True" success="True" time="0.000" asserts="1" />
                      <test-case name="FluentNHibernate.Testing.ConventionFinderTests.FindTests.ShouldOnlyAddInstanceOnceIfHasMultipleInterfaces" executed="True" success="True" time="0.000" asserts="3" />
                      <test-case name="FluentNHibernate.Testing.ConventionFinderTests.FindTests.ShouldOnlyAddInstanceOnceIfHasMultipleInterfacesWhenAddedByAssembly" executed="True" success="True" time="0.000" asserts="3" />
                      <test-case name="FluentNHibernate.Testing.ConventionFinderTests.FindTests.ShouldOnlyFindExplicitAdded" executed="True" success="True" time="0.000" asserts="2" />
                    </results>
                  </test-suite>
                </results>
              </test-suite>
              <test-suite name="ConventionsTests" executed="True" success="True" time="1.422" asserts="0">
                <results>
                  <test-suite name="AcceptanceCriteria" executed="True" success="True" time="0.063" asserts="0">
                    <results>
                      <test-suite name="PropertyAcceptanceCriteriaCollectionTests" executed="True" success="True" time="0.016" asserts="0">
                        <results>
                          <test-case name="FluentNHibernate.Testing.ConventionsTests.AcceptanceCriteria.PropertyAcceptanceCriteriaCollectionTests.CollectionContainsWithLambdaShouldBeFalseWhenNoItemsMatching" executed="True" success="True" time="0.000" asserts="1" />
                          <test-case name="FluentNHibernate.Testing.ConventionsTests.AcceptanceCriteria.PropertyAcceptanceCriteriaCollectionTests.CollectionContainsWithLambdaShouldBeTrueWhenItemsMatching" executed="True" success="True" time="0.000" asserts="1" />
                          <test-case name="FluentNHibernate.Testing.ConventionsTests.AcceptanceCriteria.PropertyAcceptanceCriteriaCollectionTests.CollectionContainsWithStringShouldBeFalseWhenNoItemsMatching" executed="True" success="True" time="0.000" asserts="1" />
                          <test-case name="FluentNHibernate.Testing.ConventionsTests.AcceptanceCriteria.PropertyAcceptanceCriteriaCollectionTests.CollectionContainsWithStringShouldBeTrueWhenItemsMatching" executed="True" success="True" time="0.000" asserts="1" />
                          <test-case name="FluentNHibernate.Testing.ConventionsTests.AcceptanceCriteria.PropertyAcceptanceCriteriaCollectionTests.CollectionIsEmptyShouldBeFalseWithItemsWhenUsingExpression" executed="True" success="True" time="0.016" asserts="1" />
                          <test-case name="FluentNHibernate.Testing.ConventionsTests.AcceptanceCriteria.PropertyAcceptanceCriteriaCollectionTests.CollectionIsEmptyShouldBeTrueWhenUsingExpression" executed="True" success="True" time="0.000" asserts="1" />
                          <test-case name="FluentNHibernate.Testing.ConventionsTests.AcceptanceCriteria.PropertyAcceptanceCriteriaCollectionTests.CollectionIsNotEmptyShouldBeFalseWhenUsingExpression" executed="True" success="True" time="0.000" asserts="1" />
                          <test-case name="FluentNHibernate.Testing.ConventionsTests.AcceptanceCriteria.PropertyAcceptanceCriteriaCollectionTests.CollectionIsNotEmptyShouldBeTrueWithItemsWhenUsingExpression" executed="True" success="True" time="0.000" asserts="1" />
                        </results>
                      </test-suite>
                      <test-suite name="PropertyAcceptanceCriteriaEqualComplexTypeTests" executed="True" success="True" time="0.000" asserts="0">
                        <results>
                          <test-case name="FluentNHibernate.Testing.ConventionsTests.AcceptanceCriteria.PropertyAcceptanceCriteriaEqualComplexTypeTests.ExpectEqualShouldValidateToFalseIfNotGivenMatchingModel" executed="True" success="True" time="0.000" asserts="1" />
                          <test-case name="FluentNHibernate.Testing.ConventionsTests.AcceptanceCriteria.PropertyAcceptanceCriteriaEqualComplexTypeTests.ExpectEqualShouldValidateToFalseIfUnset" executed="True" success="True" time="0.000" asserts="1" />
                          <test-case name="FluentNHibernate.Testing.ConventionsTests.AcceptanceCriteria.PropertyAcceptanceCriteriaEqualComplexTypeTests.ExpectEqualShouldValidateToTrueIfGivenMatchingModel" executed="True" success="True" time="0.000" asserts="1" />
                          <test-case name="FluentNHibernate.Testing.ConventionsTests.AcceptanceCriteria.PropertyAcceptanceCriteriaEqualComplexTypeTests.ExpectNotEqualShouldValidateToFalseIfNotGivenMatchingModel" executed="True" success="True" time="0.000" asserts="1" />
                          <test-case name="FluentNHibernate.Testing.ConventionsTests.AcceptanceCriteria.PropertyAcceptanceCriteriaEqualComplexTypeTests.ExpectNotEqualShouldValidateToTrueIfGivenMatchingModel" executed="True" success="True" time="0.000" asserts="1" />
                          <test-case name="FluentNHibernate.Testing.ConventionsTests.AcceptanceCriteria.PropertyAcceptanceCriteriaEqualComplexTypeTests.ExpectNotEqualShouldValidateToTrueIfUnset" executed="True" success="True" time="0.000" asserts="1" />
                        </results>
                      </test-suite>
                      <test-suite name="PropertyAcceptanceCriteriaEqualSimpleTypeEvalTests" executed="True" success="True" time="0.016" asserts="0">
                        <results>
                          <test-case name="FluentNHibernate.Testing.ConventionsTests.AcceptanceCriteria.PropertyAcceptanceCriteriaEqualSimpleTypeEvalTests.ExpectEqualShouldValidateToFalseIfNotGivenMatchingModel" executed="True" success="True" time="0.016" asserts="1" />
                          <test-case name="FluentNHibernate.Testing.ConventionsTests.AcceptanceCriteria.PropertyAcceptanceCriteriaEqualSimpleTypeEvalTests.ExpectEqualShouldValidateToFalseIfUnset" executed="True" success="True" time="0.000" asserts="1" />
                          <test-case name="FluentNHibernate.Testing.ConventionsTests.AcceptanceCriteria.PropertyAcceptanceCriteriaEqualSimpleTypeEvalTests.ExpectEqualShouldValidateToTrueIfGivenMatchingModel" executed="True" success="True" time="0.000" asserts="1" />
                          <test-case name="FluentNHibernate.Testing.ConventionsTests.AcceptanceCriteria.PropertyAcceptanceCriteriaEqualSimpleTypeEvalTests.ExpectNotEqualShouldValidateToFalseIfNotGivenMatchingModel" executed="True" success="True" time="0.000" asserts="1" />
                          <test-case name="FluentNHibernate.Testing.ConventionsTests.AcceptanceCriteria.PropertyAcceptanceCriteriaEqualSimpleTypeEvalTests.ExpectNotEqualShouldValidateToTrueIfGivenMatchingModel" executed="True" success="True" time="0.000" asserts="1" />
                          <test-case name="FluentNHibernate.Testing.ConventionsTests.AcceptanceCriteria.PropertyAcceptanceCriteriaEqualSimpleTypeEvalTests.ExpectNotEqualShouldValidateToTrueIfUnset" executed="True" success="True" time="0.000" asserts="1" />
                        </results>
                      </test-suite>
                      <test-suite name="PropertyAcceptanceCriteriaEqualSimpleTypeTests" executed="True" success="True" time="0.016" asserts="0">
                        <results>
                          <test-case name="FluentNHibernate.Testing.ConventionsTests.AcceptanceCriteria.PropertyAcceptanceCriteriaEqualSimpleTypeTests.ExpectEqualShouldValidateToFalseIfNotGivenMatchingModel" executed="True" success="True" time="0.000" asserts="1" />
[...]
                      </test-suite>
                    </results>
                  </test-suite>
                </results>
              </test-suite>
              <test-suite name="Specification" executed="False">
                <reason>
                  <message><![CDATA[Specification does not have any tests]]></message>
                </reason>
              </test-suite>
              <test-suite name="Testing" executed="True" success="False" time="0.531" asserts="0">
                <results>
                  <test-suite name="PersistenceSpecificationConstructorTests" executed="True" success="True" time="0.328" asserts="0">
                    <results>
                      <test-case name="FluentNHibernate.Testing.Testing.PersistenceSpecificationConstructorTests.Should_accept_classes_with_private_parameterless_constructor" executed="True" success="True" time="0.328" asserts="0" />
                      <test-case name="FluentNHibernate.Testing.Testing.PersistenceSpecificationConstructorTests.Should_accept_classes_with_protected_parameterless_constructor" executed="True" success="True" time="0.000" asserts="0" />
                      <test-case name="FluentNHibernate.Testing.Testing.PersistenceSpecificationConstructorTests.Should_accept_classes_with_public_parameterless_constructor" executed="True" success="True" time="0.000" asserts="0" />
                      <test-case name="FluentNHibernate.Testing.Testing.PersistenceSpecificationConstructorTests.Should_reject_classes_without_a_parameterless_constructor" executed="True" success="True" time="0.000" asserts="1" />
                    </results>
                  </test-suite>
                  <test-suite name="PersistenceSpecificationTester" executed="True" success="True" time="0.031" asserts="0">
                    <results>
                      <test-case name="FluentNHibernate.Testing.Testing.PersistenceSpecificationTester.Comparing_objects_in_two_lists_should_use_the_specified_IEqualityComparer" executed="True" success="True" time="0.031" asserts="0" />
                      <test-case name="FluentNHibernate.Testing.Testing.PersistenceSpecificationTester.Comparing_two_properties_should_use_the_specified_IEqualityComparer" executed="True" success="True" time="0.000" asserts="0" />
                      <test-case name="FluentNHibernate.Testing.Testing.PersistenceSpecificationTester.should_not_be_equal_without_the_equality_comparer" executed="True" success="True" time="0.000" asserts="1" />
                    </results>
                  </test-suite>
                  <test-suite name="PersistenceSpecificationTransactionTest" executed="True" success="True" time="0.016" asserts="0">
                    <results>
                      <test-case name="FluentNHibernate.Testing.Testing.PersistenceSpecificationTransactionTest.Passed_Transaction_Should_Apply_For_Reference_Saving" executed="True" success="True" time="0.016" asserts="0" />
                      <test-case name="FluentNHibernate.Testing.Testing.PersistenceSpecificationTransactionTest.Should_Not_Open_A_New_Transaction_If_One_Is_Passed" executed="True" success="True" time="0.000" asserts="0" />
                      <test-case name="FluentNHibernate.Testing.Testing.PersistenceSpecificationTransactionTest.Should_Open_A_New_Transaction_If_None_Is_Passed" executed="True" success="True" time="0.000" asserts="0" />
                    </results>
                  </test-suite>
                  <test-suite name="when_building_a_session_source" executed="True" success="False" time="0.109" asserts="0">
                    <results>
                      <test-case name="FluentNHibernate.Testing.Testing.when_building_a_session_source.should_be_able_to_generate_the_schema" executed="True" success="False" time="0.063" asserts="0">
                        <failure>
                          <message><![CDATA[FluentNHibernate.Cfg.FluentConfigurationException : An invalid or incomplete configuration was used while creating a SessionFactory. Check PotentialReasons collection, and InnerException for more detail.


  ----> NHibernate.Bytecode.ProxyFactoryFactoryNotConfiguredException : The ProxyFactoryFactory was not configured.
Initialize 'proxyfactory.factory_class' property of the session-factory configuration section with one of the available NHibernate.ByteCode providers.
Example:
<property name='proxyfactory.factory_class'>NHibernate.ByteCode.LinFu.ProxyFactoryFactory, NHibernate.ByteCode.LinFu</property>
Example:
<property name='proxyfactory.factory_class'>NHibernate.ByteCode.Castle.ProxyFactoryFactory, NHibernate.ByteCode.Castle</property>]]></message>
                          <stack-trace><![CDATA[at FluentNHibernate.Cfg.FluentConfiguration.BuildSessionFactory() in c:\Documents and Settings\Administrator\dev\fluent-nhibernate\src\FluentNHibernate\Cfg\FluentConfiguration.cs:line 98
at FluentNHibernate.SessionSource..ctor(FluentConfiguration config) in c:\Documents and Settings\Administrator\dev\fluent-nhibernate\src\FluentNHibernate\SessionSource.cs:line 37
at FluentNHibernate.Testing.SingleConnectionSessionSourceForSQLiteInMemoryTesting..ctor(FluentConfiguration config) in c:\Documents and Settings\Administrator\dev\fluent-nhibernate\src\FluentNHibernate\Testing\SingleConnectionSessionSourceForSQLiteInMemoryTesting.cs:line 15
at FluentNHibernate.Testing.Testing.with_fluent_configuration.build_session_source() in c:\Documents and Settings\Administrator\dev\fluent-nhibernate\src\FluentNHibernate.Testing\Testing\SessionSourceConfigurationTester.cs:line 60
at FluentNHibernate.Testing.Testing.when_building_a_session_source.establish_context() in c:\Documents and Settings\Administrator\dev\fluent-nhibernate\src\FluentNHibernate.Testing\Testing\SessionSourceConfigurationTester.cs:line 15
at FluentNHibernate.Testing.Specification.Setup() in c:\Documents and Settings\Administrator\dev\fluent-nhibernate\src\FluentNHibernate.Testing\Specification.cs:line 19
--ProxyFactoryFactoryNotConfiguredException
at NHibernate.Bytecode.AbstractBytecodeProvider.get_ProxyFactoryFactory()
at NHibernate.Cfg.Configuration.Validate()
at NHibernate.Cfg.Configuration.BuildSessionFactory()
at FluentNHibernate.Cfg.FluentConfiguration.BuildSessionFactory() in c:\Documents and Settings\Administrator\dev\fluent-nhibernate\src\FluentNHibernate\Cfg\FluentConfiguration.cs:line 93
]]></stack-trace>
                        </failure>
                      </test-case>
                      <test-case name="FluentNHibernate.Testing.Testing.when_building_a_session_source.should_be_able_to_get_a_new_session" executed="True" success="False" time="0.047" asserts="0">
                        <failure>
                          <message><![CDATA[FluentNHibernate.Cfg.FluentConfigurationException : An invalid or incomplete configuration was used while creating a SessionFactory. Check PotentialReasons collection, and InnerException for more detail.


  ----> NHibernate.Bytecode.ProxyFactoryFactoryNotConfiguredException : The ProxyFactoryFactory was not configured.
Initialize 'proxyfactory.factory_class' property of the session-factory configuration section with one of the available NHibernate.ByteCode providers.
Example:
<property name='proxyfactory.factory_class'>NHibernate.ByteCode.LinFu.ProxyFactoryFactory, NHibernate.ByteCode.LinFu</property>
Example:
<property name='proxyfactory.factory_class'>NHibernate.ByteCode.Castle.ProxyFactoryFactory, NHibernate.ByteCode.Castle</property>]]></message>
                          <stack-trace><![CDATA[at FluentNHibernate.Cfg.FluentConfiguration.BuildSessionFactory() in c:\Documents and Settings\Administrator\dev\fluent-nhibernate\src\FluentNHibernate\Cfg\FluentConfiguration.cs:line 98
at FluentNHibernate.SessionSource..ctor(FluentConfiguration config) in c:\Documents and Settings\Administrator\dev\fluent-nhibernate\src\FluentNHibernate\SessionSource.cs:line 37
at FluentNHibernate.Testing.SingleConnectionSessionSourceForSQLiteInMemoryTesting..ctor(FluentConfiguration config) in c:\Documents and Settings\Administrator\dev\fluent-nhibernate\src\FluentNHibernate\Testing\SingleConnectionSessionSourceForSQLiteInMemoryTesting.cs:line 15
at FluentNHibernate.Testing.Testing.with_fluent_configuration.build_session_source() in c:\Documents and Settings\Administrator\dev\fluent-nhibernate\src\FluentNHibernate.Testing\Testing\SessionSourceConfigurationTester.cs:line 60
at FluentNHibernate.Testing.Testing.when_building_a_session_source.establish_context() in c:\Documents and Settings\Administrator\dev\fluent-nhibernate\src\FluentNHibernate.Testing\Testing\SessionSourceConfigurationTester.cs:line 15
at FluentNHibernate.Testing.Specification.Setup() in c:\Documents and Settings\Administrator\dev\fluent-nhibernate\src\FluentNHibernate.Testing\Specification.cs:line 19
--ProxyFactoryFactoryNotConfiguredException
at NHibernate.Bytecode.AbstractBytecodeProvider.get_ProxyFactoryFactory()
at NHibernate.Cfg.Configuration.Validate()
at NHibernate.Cfg.Configuration.BuildSessionFactory()
at FluentNHibernate.Cfg.FluentConfiguration.BuildSessionFactory() in c:\Documents and Settings\Administrator\dev\fluent-nhibernate\src\FluentNHibernate\Cfg\FluentConfiguration.cs:line 93
]]></stack-trace>
                        </failure>
                      </test-case>
                    </results>
                  </test-suite>
                  <test-suite name="when_using_a_session_source_and_schema" executed="True" success="False" time="0.047" asserts="0">
                    <results>
                      <test-case name="FluentNHibernate.Testing.Testing.when_using_a_session_source_and_schema.should_be_able_to_use_the_fluent_mappings" executed="True" success="False" time="0.047" asserts="0">
                        <failure>
                          <message><![CDATA[FluentNHibernate.Cfg.FluentConfigurationException : An invalid or incomplete configuration was used while creating a SessionFactory. Check PotentialReasons collection, and InnerException for more detail.


  ----> NHibernate.Bytecode.ProxyFactoryFactoryNotConfiguredException : The ProxyFactoryFactory was not configured.
Initialize 'proxyfactory.factory_class' property of the session-factory configuration section with one of the available NHibernate.ByteCode providers.
Example:
<property name='proxyfactory.factory_class'>NHibernate.ByteCode.LinFu.ProxyFactoryFactory, NHibernate.ByteCode.LinFu</property>
Example:
<property name='proxyfactory.factory_class'>NHibernate.ByteCode.Castle.ProxyFactoryFactory, NHibernate.ByteCode.Castle</property>]]></message>
                          <stack-trace><![CDATA[at FluentNHibernate.Cfg.FluentConfiguration.BuildSessionFactory() in c:\Documents and Settings\Administrator\dev\fluent-nhibernate\src\FluentNHibernate\Cfg\FluentConfiguration.cs:line 98
at FluentNHibernate.SessionSource..ctor(FluentConfiguration config) in c:\Documents and Settings\Administrator\dev\fluent-nhibernate\src\FluentNHibernate\SessionSource.cs:line 37
at FluentNHibernate.Testing.SingleConnectionSessionSourceForSQLiteInMemoryTesting..ctor(FluentConfiguration config) in c:\Documents and Settings\Administrator\dev\fluent-nhibernate\src\FluentNHibernate\Testing\SingleConnectionSessionSourceForSQLiteInMemoryTesting.cs:line 15
at FluentNHibernate.Testing.Testing.with_fluent_configuration.build_session_source() in c:\Documents and Settings\Administrator\dev\fluent-nhibernate\src\FluentNHibernate.Testing\Testing\SessionSourceConfigurationTester.cs:line 60
at FluentNHibernate.Testing.Testing.when_using_a_session_source_and_schema.establish_context() in c:\Documents and Settings\Administrator\dev\fluent-nhibernate\src\FluentNHibernate.Testing\Testing\SessionSourceConfigurationTester.cs:line 37
at FluentNHibernate.Testing.Specification.Setup() in c:\Documents and Settings\Administrator\dev\fluent-nhibernate\src\FluentNHibernate.Testing\Specification.cs:line 19
--ProxyFactoryFactoryNotConfiguredException
at NHibernate.Bytecode.AbstractBytecodeProvider.get_ProxyFactoryFactory()
at NHibernate.Cfg.Configuration.Validate()
at NHibernate.Cfg.Configuration.BuildSessionFactory()
at FluentNHibernate.Cfg.FluentConfiguration.BuildSessionFactory() in c:\Documents and Settings\Administrator\dev\fluent-nhibernate\src\FluentNHibernate\Cfg\FluentConfiguration.cs:line 93
]]></stack-trace>
                        </failure>
                      </test-case>
                    </results>
                  </test-suite>
                  <test-suite name="with_fluent_configuration" executed="False">
                    <reason>
                      <message><![CDATA[with_fluent_configuration does not have any tests]]></message>
                    </reason>
                  </test-suite>
                </results>
              </test-suite>
              <test-suite name="Utils" executed="True" success="True" time="0.000" asserts="0">
                <results>
                  <test-suite name="ReflectionHelperTests" executed="True" success="True" time="0.000" asserts="0">
                    <results>
                      <test-case name="FluentNHibernate.Testing.Utils.ReflectionHelperTests.CanGetDynamicProperty" executed="True" success="True" time="0.000" asserts="3" />
                      <test-case name="FluentNHibernate.Testing.Utils.ReflectionHelperTests.CanGetDynamicPropertyWithConvert" executed="True" success="True" time="0.000" asserts="3" />
                      <test-case name="FluentNHibernate.Testing.Utils.ReflectionHelperTests.CanGetDynamicPropertyWithType" executed="True" success="True" time="0.000" asserts="3" />
                      <test-case name="FluentNHibernate.Testing.Utils.ReflectionHelperTests.CanGetDynamicPropertyWithTypeAndConvert" executed="True" success="True" time="0.000" asserts="3" />
                      <test-case name="FluentNHibernate.Testing.Utils.ReflectionHelperTests.CanGetProperty" executed="True" success="True" time="0.000" asserts="1" />
                      <test-case name="FluentNHibernate.Testing.Utils.ReflectionHelperTests.CanGetPropertyWithConvert" executed="True" success="True" time="0.000" asserts="1" />
                      <test-case name="FluentNHibernate.Testing.Utils.ReflectionHelperTests.CanGetPropertyWithType" executed="True" success="True" time="0.000" asserts="1" />
                      <test-case name="FluentNHibernate.Testing.Utils.ReflectionHelperTests.CanGetPropertyWithTypeAndConvert" executed="True" success="True" time="0.000" asserts="1" />
                    </results>
                  </test-suite>
                  <test-suite name="TypeReferenceEqualityTests" executed="True" success="True" time="0.000" asserts="0">
                    <results>
                      <test-case name="FluentNHibernate.Testing.Utils.TypeReferenceEqualityTests.EqualsReferenceOnLeftDifferentTypeOnRightShouldNotBeEqual" executed="True" success="True" time="0.000" asserts="1" />
                      <test-case name="FluentNHibernate.Testing.Utils.TypeReferenceEqualityTests.EqualsReferenceOnLeftSameTypeOnRightShouldBeEqual" executed="True" success="True" time="0.000" asserts="1" />
                      <test-case name="FluentNHibernate.Testing.Utils.TypeReferenceEqualityTests.EqualsTwoStringReferencesOfDifferentNamesShouldNotBeEqual" executed="True" success="True" time="0.000" asserts="1" />
                      <test-case name="FluentNHibernate.Testing.Utils.TypeReferenceEqualityTests.EqualsTwoStringReferencesOfSameNameShouldBeEqual" executed="True" success="True" time="0.000" asserts="1" />
                      <test-case name="FluentNHibernate.Testing.Utils.TypeReferenceEqualityTests.EqualsTwoTypeReferencesOfDifferentTypesShouldNotBeEqual" executed="True" success="True" time="0.000" asserts="1" />
                      <test-case name="FluentNHibernate.Testing.Utils.TypeReferenceEqualityTests.EqualsTwoTypeReferencesOfSameTypeShouldBeEqual" executed="True" success="True" time="0.000" asserts="1" />
                      <test-case name="FluentNHibernate.Testing.Utils.TypeReferenceEqualityTests.EqualsTypeOnLeftReferenceBasedOnDifferentTypeOnRightShouldNotBeEqual" executed="True" success="True" time="0.000" asserts="1" />
                      <test-case name="FluentNHibernate.Testing.Utils.TypeReferenceEqualityTests.EqualsTypeOnLeftReferenceBasedOnSameTypeOnRightShouldBeEqual" executed="False">
                        <reason>
                          <message><![CDATA[]]></message>
                        </reason>
                      </test-case>
                      <test-case name="FluentNHibernate.Testing.Utils.TypeReferenceEqualityTests.ReferenceOnLeftDifferentTypeOnRightShouldNotBeEqual" executed="True" success="True" time="0.000" asserts="1" />
                      <test-case name="FluentNHibernate.Testing.Utils.TypeReferenceEqualityTests.ReferenceOnLeftSameTypeOnRightShouldBeEqual" executed="True" success="True" time="0.000" asserts="1" />
                      <test-case name="FluentNHibernate.Testing.Utils.TypeReferenceEqualityTests.TwoStringReferencesOfDifferentNamesShouldNotBeEqual" executed="True" success="True" time="0.000" asserts="1" />
                      <test-case name="FluentNHibernate.Testing.Utils.TypeReferenceEqualityTests.TwoStringReferencesOfSameNameShouldBeEqual" executed="True" success="True" time="0.000" asserts="1" />
                      <test-case name="FluentNHibernate.Testing.Utils.TypeReferenceEqualityTests.TwoTypeReferencesOfDifferentTypesShouldNotBeEqual" executed="True" success="True" time="0.000" asserts="1" />
                      <test-case name="FluentNHibernate.Testing.Utils.TypeReferenceEqualityTests.TwoTypeReferencesOfSameTypeShouldBeEqual" executed="True" success="True" time="0.000" asserts="1" />
                      <test-case name="FluentNHibernate.Testing.Utils.TypeReferenceEqualityTests.TypeOnLeftReferenceBasedOnDifferentTypeOnRightShouldNotBeEqual" executed="True" success="True" time="0.000" asserts="1" />
                      <test-case name="FluentNHibernate.Testing.Utils.TypeReferenceEqualityTests.TypeOnLeftReferenceBasedOnSameTypeOnRightShouldBeEqual" executed="True" success="True" time="0.000" asserts="1" />
                    </results>
                  </test-suite>
                </results>
              </test-suite>
              <test-suite name="Xml" executed="True" success="True" time="0.078" asserts="0">
                <results>
                  <test-suite name="MappingXmlSerializerTester" executed="True" success="True" time="0.031" asserts="0">
                    <results>
                      <test-case name="FluentNHibernate.Testing.Xml.MappingXmlSerializerTester.AssignsNHibernateMappingSchema" executed="True" success="True" time="0.016" asserts="1" />
                      <test-case name="FluentNHibernate.Testing.Xml.MappingXmlSerializerTester.CanSerializeHbmGraphWithOneClass" executed="True" success="True" time="0.016" asserts="1" />
                      <test-case name="FluentNHibernate.Testing.Xml.MappingXmlSerializerTester.CanWriteXmlDocument" executed="True" success="True" time="0.000" asserts="1" />
                    </results>
                  </test-suite>
                  <test-suite name="MappingXmlValidatorTester" executed="True" success="True" time="0.047" asserts="0">
                    <results>
                      <test-case name="FluentNHibernate.Testing.Xml.MappingXmlValidatorTester.CanValidateXmlAgainstSchema" executed="True" success="True" time="0.047" asserts="2" />
                    </results>
                  </test-suite>
                </results>
              </test-suite>
            </results>
          </test-suite>
        </results>
      </test-suite>
    </results>
  </test-suite>
</test-results>